20:07:31.043 [main] ERROR com.intuit.karate.core.FeatureParser - not a valid feature file: examples/users/Post.feature - mismatched input '"' expecting <EOF>
20:08:12.867 [main] ERROR com.intuit.karate.core.FeatureParser - not a valid feature file: examples/users/Post.feature - mismatched input '"' expecting <EOF>
20:09:06.354 [main] ERROR com.intuit.karate.core.FeatureParser - not a valid feature file: examples/users/Post.feature - mismatched input '"' expecting <EOF>
20:09:58.307 [main] ERROR com.intuit.karate.core.FeatureParser - not a valid feature file: examples/users/Post.feature - mismatched input '"' expecting <EOF>
11:17:46.252 [main] ERROR com.intuit.karate.core.FeatureParser - not a valid feature file: examples/users/Post.feature - mismatched input '"' expecting <EOF>
11:28:37.079 [main] DEBUG com.intuit.karate.Suite - [config] classpath:karate-config.js
11:28:37.094 [main] DEBUG com.intuit.karate.Suite - waiting for 3 features to complete
11:28:38.224 [pool-1-thread-3] INFO  com.intuit.karate - karate.env system property was: null 
11:28:38.224 [pool-1-thread-2] INFO  com.intuit.karate - karate.env system property was: null 
11:28:38.224 [pool-1-thread-1] INFO  com.intuit.karate - karate.env system property was: null 
11:28:38.224 [pool-1-thread-4] INFO  com.intuit.karate - karate.env system property was: null 
11:28:38.404 [pool-1-thread-3] ERROR com.intuit.karate - classpath:examples/users/Post.feature:6
When status 201
Cannot invoke "com.intuit.karate.http.Response.getStatus()" because "this.response" is null
classpath:examples/users/Post.feature:6
11:28:38.688 [pool-1-thread-1] DEBUG com.intuit.karate - request:
1 > GET https://reqres.in/api/users/2
1 > Accept: application/json
1 > Host: reqres.in
1 > Connection: Keep-Alive
1 > User-Agent: Apache-HttpClient/4.5.13 (Java/17.0.6)
1 > Accept-Encoding: gzip,deflate


11:28:38.688 [pool-1-thread-2] DEBUG com.intuit.karate - request:
1 > GET https://reqres.in/api/users%3Fpage=2
1 > Accept: application/json
1 > Host: reqres.in
1 > Connection: Keep-Alive
1 > User-Agent: Apache-HttpClient/4.5.13 (Java/17.0.6)
1 > Accept-Encoding: gzip,deflate


11:28:38.688 [pool-1-thread-4] DEBUG com.intuit.karate - request:
1 > GET https://reqres.in/api/users?page=2
1 > Host: reqres.in
1 > Connection: Keep-Alive
1 > User-Agent: Apache-HttpClient/4.5.13 (Java/17.0.6)
1 > Accept-Encoding: gzip,deflate


11:28:39.179 [pool-1-thread-4] DEBUG com.intuit.karate - response time in milliseconds: 489
1 < 200
1 < Date: Fri, 08 Mar 2024 05:58:39 GMT
1 < Content-Type: application/json; charset=utf-8
1 < Transfer-Encoding: chunked
1 < Connection: keep-alive
1 < Report-To: {"group":"heroku-nel","max_age":3600,"endpoints":[{"url":"https://nel.heroku.com/reports?ts=1709695435&sid=c4c9725f-1ab0-44d8-820f-430df2718e11&s=ru7YzmZ%2BYILLdZUZWpFCTQOGkZIzA66c4BpWjdBOHhI%3D"}]}
1 < Reporting-Endpoints: heroku-nel=https://nel.heroku.com/reports?ts=1709695435&sid=c4c9725f-1ab0-44d8-820f-430df2718e11&s=ru7YzmZ%2BYILLdZUZWpFCTQOGkZIzA66c4BpWjdBOHhI%3D
1 < Nel: {"report_to":"heroku-nel","max_age":3600,"success_fraction":0.005,"failure_fraction":0.05,"response_headers":["Via"]}
1 < X-Powered-By: Express
1 < Access-Control-Allow-Origin: *
1 < Etag: W/"406-ut0vzoCuidvyMf8arZpMpJ6ZRDw"
1 < Via: 1.1 vegur
1 < Cache-Control: max-age=14400
1 < CF-Cache-Status: HIT
1 < Age: 6061
1 < Vary: Accept-Encoding
1 < Server: cloudflare
1 < CF-RAY: 861098419cb27950-AMD
{"page":2,"per_page":6,"total":12,"total_pages":2,"data":[{"id":7,"email":"michael.lawson@reqres.in","first_name":"Michael","last_name":"Lawson","avatar":"https://reqres.in/img/faces/7-image.jpg"},{"id":8,"email":"lindsay.ferguson@reqres.in","first_name":"Lindsay","last_name":"Ferguson","avatar":"https://reqres.in/img/faces/8-image.jpg"},{"id":9,"email":"tobias.funke@reqres.in","first_name":"Tobias","last_name":"Funke","avatar":"https://reqres.in/img/faces/9-image.jpg"},{"id":10,"email":"byron.fields@reqres.in","first_name":"Byron","last_name":"Fields","avatar":"https://reqres.in/img/faces/10-image.jpg"},{"id":11,"email":"george.edwards@reqres.in","first_name":"George","last_name":"Edwards","avatar":"https://reqres.in/img/faces/11-image.jpg"},{"id":12,"email":"rachel.howell@reqres.in","first_name":"Rachel","last_name":"Howell","avatar":"https://reqres.in/img/faces/12-image.jpg"}],"support":{"url":"https://reqres.in/#support-heading","text":"To keep ReqRes free, contributions towards server costs are appreciated!"}}

11:28:39.179 [pool-1-thread-1] DEBUG com.intuit.karate - response time in milliseconds: 489
1 < 200
1 < Date: Fri, 08 Mar 2024 05:58:39 GMT
1 < Content-Type: application/json; charset=utf-8
1 < Transfer-Encoding: chunked
1 < Connection: keep-alive
1 < Report-To: {"group":"heroku-nel","max_age":3600,"endpoints":[{"url":"https://nel.heroku.com/reports?ts=1709736140&sid=c4c9725f-1ab0-44d8-820f-430df2718e11&s=Q01AfIJYttLK3P3Bpqe%2FQ%2FkFSAouMGoDFoL0GbEUkTw%3D"}]}
1 < Reporting-Endpoints: heroku-nel=https://nel.heroku.com/reports?ts=1709736140&sid=c4c9725f-1ab0-44d8-820f-430df2718e11&s=Q01AfIJYttLK3P3Bpqe%2FQ%2FkFSAouMGoDFoL0GbEUkTw%3D
1 < Nel: {"report_to":"heroku-nel","max_age":3600,"success_fraction":0.005,"failure_fraction":0.05,"response_headers":["Via"]}
1 < X-Powered-By: Express
1 < Access-Control-Allow-Origin: *
1 < Etag: W/"118-pbdwwFo9SKNhD3Lx5iHJyngpq00"
1 < Via: 1.1 vegur
1 < Cache-Control: max-age=14400
1 < CF-Cache-Status: HIT
1 < Age: 4776
1 < Vary: Accept-Encoding
1 < Server: cloudflare
1 < CF-RAY: 861098419cb17950-AMD
{"data":{"id":2,"email":"janet.weaver@reqres.in","first_name":"Janet","last_name":"Weaver","avatar":"https://reqres.in/img/faces/2-image.jpg"},"support":{"url":"https://reqres.in/#support-heading","text":"To keep ReqRes free, contributions towards server costs are appreciated!"}}

11:28:39.189 [pool-1-thread-1] INFO  com.intuit.karate - [print] {
  "data": {
    "id": 2,
    "email": "janet.weaver@reqres.in",
    "first_name": "Janet",
    "last_name": "Weaver",
    "avatar": "https://reqres.in/img/faces/2-image.jpg"
  },
  "support": {
    "url": "https://reqres.in/#support-heading",
    "text": "To keep ReqRes free, contributions towards server costs are appreciated!"
  }
}
 
11:28:39.191 [pool-1-thread-1] INFO  com.intuit.karate - [print] 200 
11:28:39.193 [pool-1-thread-1] INFO  com.intuit.karate - [print] 489 
11:28:39.193 [pool-1-thread-1] INFO  com.intuit.karate - [print] {
  "Date": [
    "Fri, 08 Mar 2024 05:58:39 GMT"
  ],
  "Content-Type": [
    "application/json; charset=utf-8"
  ],
  "Transfer-Encoding": [
    "chunked"
  ],
  "Connection": [
    "keep-alive"
  ],
  "Report-To": [
    "{\"group\":\"heroku-nel\",\"max_age\":3600,\"endpoints\":[{\"url\":\"https://nel.heroku.com/reports?ts=1709736140&sid=c4c9725f-1ab0-44d8-820f-430df2718e11&s=Q01AfIJYttLK3P3Bpqe%2FQ%2FkFSAouMGoDFoL0GbEUkTw%3D\"}]}"
  ],
  "Reporting-Endpoints": [
    "heroku-nel=https://nel.heroku.com/reports?ts=1709736140&sid=c4c9725f-1ab0-44d8-820f-430df2718e11&s=Q01AfIJYttLK3P3Bpqe%2FQ%2FkFSAouMGoDFoL0GbEUkTw%3D"
  ],
  "Nel": [
    "{\"report_to\":\"heroku-nel\",\"max_age\":3600,\"success_fraction\":0.005,\"failure_fraction\":0.05,\"response_headers\":[\"Via\"]}"
  ],
  "X-Powered-By": [
    "Express"
  ],
  "Access-Control-Allow-Origin": [
    "*"
  ],
  "Etag": [
    "W/\"118-pbdwwFo9SKNhD3Lx5iHJyngpq00\""
  ],
  "Via": [
    "1.1 vegur"
  ],
  "Cache-Control": [
    "max-age=14400"
  ],
  "CF-Cache-Status": [
    "HIT"
  ],
  "Age": [
    "4776"
  ],
  "Vary": [
    "Accept-Encoding"
  ],
  "Server": [
    "cloudflare"
  ],
  "CF-RAY": [
    "861098419cb17950-AMD"
  ]
}
 
11:28:39.194 [pool-1-thread-1] INFO  com.intuit.karate - [print] null 
11:28:39.463 [pool-1-thread-2] DEBUG com.intuit.karate - response time in milliseconds: 775
1 < 200
1 < Date: Fri, 08 Mar 2024 05:58:39 GMT
1 < Content-Type: application/json; charset=utf-8
1 < Transfer-Encoding: chunked
1 < Connection: keep-alive
1 < Report-To: {"group":"heroku-nel","max_age":3600,"endpoints":[{"url":"https://nel.heroku.com/reports?ts=1709877519&sid=c4c9725f-1ab0-44d8-820f-430df2718e11&s=X3ztwjlS2gWTSjpqJeeUujuov5HeFyRCq4a%2FusSNwAk%3D"}]}
1 < Reporting-Endpoints: heroku-nel=https://nel.heroku.com/reports?ts=1709877519&sid=c4c9725f-1ab0-44d8-820f-430df2718e11&s=X3ztwjlS2gWTSjpqJeeUujuov5HeFyRCq4a%2FusSNwAk%3D
1 < Nel: {"report_to":"heroku-nel","max_age":3600,"success_fraction":0.005,"failure_fraction":0.05,"response_headers":["Via"]}
1 < X-Powered-By: Express
1 < Access-Control-Allow-Origin: *
1 < Etag: W/"2c1-N6Rqerxquq2kgQhL51EiSg4x0R8"
1 < Via: 1.1 vegur
1 < Cache-Control: max-age=14400
1 < CF-Cache-Status: MISS
1 < Vary: Accept-Encoding
1 < Server: cloudflare
1 < CF-RAY: 861098419e6aa3b1-AMD
{"page":1,"per_page":6,"total":12,"total_pages":2,"data":[{"id":1,"name":"cerulean","year":2000,"color":"#98B2D1","pantone_value":"15-4020"},{"id":2,"name":"fuchsia rose","year":2001,"color":"#C74375","pantone_value":"17-2031"},{"id":3,"name":"true red","year":2002,"color":"#BF1932","pantone_value":"19-1664"},{"id":4,"name":"aqua sky","year":2003,"color":"#7BC4C4","pantone_value":"14-4811"},{"id":5,"name":"tigerlily","year":2004,"color":"#E2583E","pantone_value":"17-1456"},{"id":6,"name":"blue turquoise","year":2005,"color":"#53B0AE","pantone_value":"15-5217"}],"support":{"url":"https://reqres.in/#support-heading","text":"To keep ReqRes free, contributions towards server costs are appreciated!"}}

11:28:39.463 [pool-1-thread-2] INFO  com.intuit.karate - [print] {
  "page": 1,
  "per_page": 6,
  "total": 12,
  "total_pages": 2,
  "data": [
    {
      "id": 1,
      "name": "cerulean",
      "year": 2000,
      "color": "#98B2D1",
      "pantone_value": "15-4020"
    },
    {
      "id": 2,
      "name": "fuchsia rose",
      "year": 2001,
      "color": "#C74375",
      "pantone_value": "17-2031"
    },
    {
      "id": 3,
      "name": "true red",
      "year": 2002,
      "color": "#BF1932",
      "pantone_value": "19-1664"
    },
    {
      "id": 4,
      "name": "aqua sky",
      "year": 2003,
      "color": "#7BC4C4",
      "pantone_value": "14-4811"
    },
    {
      "id": 5,
      "name": "tigerlily",
      "year": 2004,
      "color": "#E2583E",
      "pantone_value": "17-1456"
    },
    {
      "id": 6,
      "name": "blue turquoise",
      "year": 2005,
      "color": "#53B0AE",
      "pantone_value": "15-5217"
    }
  ],
  "support": {
    "url": "https://reqres.in/#support-heading",
    "text": "To keep ReqRes free, contributions towards server costs are appreciated!"
  }
}
 
11:28:39.463 [pool-1-thread-2] INFO  com.intuit.karate - [print] 200 
11:28:39.463 [pool-1-thread-2] INFO  com.intuit.karate - [print] 775 
11:28:39.463 [pool-1-thread-2] INFO  com.intuit.karate - [print] {
  "Date": [
    "Fri, 08 Mar 2024 05:58:39 GMT"
  ],
  "Content-Type": [
    "application/json; charset=utf-8"
  ],
  "Transfer-Encoding": [
    "chunked"
  ],
  "Connection": [
    "keep-alive"
  ],
  "Report-To": [
    "{\"group\":\"heroku-nel\",\"max_age\":3600,\"endpoints\":[{\"url\":\"https://nel.heroku.com/reports?ts=1709877519&sid=c4c9725f-1ab0-44d8-820f-430df2718e11&s=X3ztwjlS2gWTSjpqJeeUujuov5HeFyRCq4a%2FusSNwAk%3D\"}]}"
  ],
  "Reporting-Endpoints": [
    "heroku-nel=https://nel.heroku.com/reports?ts=1709877519&sid=c4c9725f-1ab0-44d8-820f-430df2718e11&s=X3ztwjlS2gWTSjpqJeeUujuov5HeFyRCq4a%2FusSNwAk%3D"
  ],
  "Nel": [
    "{\"report_to\":\"heroku-nel\",\"max_age\":3600,\"success_fraction\":0.005,\"failure_fraction\":0.05,\"response_headers\":[\"Via\"]}"
  ],
  "X-Powered-By": [
    "Express"
  ],
  "Access-Control-Allow-Origin": [
    "*"
  ],
  "Etag": [
    "W/\"2c1-N6Rqerxquq2kgQhL51EiSg4x0R8\""
  ],
  "Via": [
    "1.1 vegur"
  ],
  "Cache-Control": [
    "max-age=14400"
  ],
  "CF-Cache-Status": [
    "MISS"
  ],
  "Vary": [
    "Accept-Encoding"
  ],
  "Server": [
    "cloudflare"
  ],
  "CF-RAY": [
    "861098419e6aa3b1-AMD"
  ]
}
 
11:28:39.463 [pool-1-thread-2] INFO  com.intuit.karate - [print] null 
11:28:40.274 [pool-2-thread-1] INFO  com.intuit.karate.Suite - <<pass>> feature 1 of 3 (2 remaining) classpath:examples/users/Get.feature
11:28:40.347 [pool-2-thread-1] INFO  com.intuit.karate.Suite - <<fail>> feature 2 of 3 (1 remaining) classpath:examples/users/Post.feature
11:28:40.371 [pool-2-thread-1] INFO  com.intuit.karate.Suite - <<pass>> feature 3 of 3 (0 remaining) classpath:examples/users/users.feature
11:29:54.909 [main] DEBUG com.intuit.karate.Suite - [config] classpath:karate-config.js
11:29:54.909 [main] WARN  com.intuit.karate.Suite - failed to backup existing dir: target\karate-reports
11:29:54.919 [main] DEBUG com.intuit.karate.Suite - waiting for 3 features to complete
11:29:55.939 [pool-1-thread-1] INFO  com.intuit.karate - karate.env system property was: null 
11:29:55.940 [pool-1-thread-3] INFO  com.intuit.karate - karate.env system property was: null 
11:29:55.939 [pool-1-thread-2] INFO  com.intuit.karate - karate.env system property was: null 
11:29:55.939 [pool-1-thread-4] INFO  com.intuit.karate - karate.env system property was: null 
11:29:56.294 [pool-1-thread-4] DEBUG com.intuit.karate - request:
1 > GET https://reqres.in/api/users?page=2
1 > Host: reqres.in
1 > Connection: Keep-Alive
1 > User-Agent: Apache-HttpClient/4.5.13 (Java/17.0.6)
1 > Accept-Encoding: gzip,deflate


11:29:56.294 [pool-1-thread-1] DEBUG com.intuit.karate - request:
1 > GET https://reqres.in/api/users/2
1 > Accept: application/json
1 > Host: reqres.in
1 > Connection: Keep-Alive
1 > User-Agent: Apache-HttpClient/4.5.13 (Java/17.0.6)
1 > Accept-Encoding: gzip,deflate


11:29:56.294 [pool-1-thread-2] DEBUG com.intuit.karate - request:
1 > GET https://reqres.in/api/users%3Fpage=2
1 > Accept: application/json
1 > Host: reqres.in
1 > Connection: Keep-Alive
1 > User-Agent: Apache-HttpClient/4.5.13 (Java/17.0.6)
1 > Accept-Encoding: gzip,deflate


11:29:56.295 [pool-1-thread-3] DEBUG com.intuit.karate - request:
1 > POST https://reqres.in/api/users
1 > Content-Type: application/json; charset=UTF-8
1 > Content-Length: 33
1 > Host: reqres.in
1 > Connection: Keep-Alive
1 > User-Agent: Apache-HttpClient/4.5.13 (Java/17.0.6)
1 > Accept-Encoding: gzip,deflate
{"name":"Raghav","job":"teacher"}

11:29:56.685 [pool-1-thread-2] DEBUG com.intuit.karate - response time in milliseconds: 388
1 < 200
1 < Date: Fri, 08 Mar 2024 05:59:57 GMT
1 < Content-Type: application/json; charset=utf-8
1 < Transfer-Encoding: chunked
1 < Connection: keep-alive
1 < Report-To: {"group":"heroku-nel","max_age":3600,"endpoints":[{"url":"https://nel.heroku.com/reports?ts=1709877519&sid=c4c9725f-1ab0-44d8-820f-430df2718e11&s=X3ztwjlS2gWTSjpqJeeUujuov5HeFyRCq4a%2FusSNwAk%3D"}]}
1 < Reporting-Endpoints: heroku-nel=https://nel.heroku.com/reports?ts=1709877519&sid=c4c9725f-1ab0-44d8-820f-430df2718e11&s=X3ztwjlS2gWTSjpqJeeUujuov5HeFyRCq4a%2FusSNwAk%3D
1 < Nel: {"report_to":"heroku-nel","max_age":3600,"success_fraction":0.005,"failure_fraction":0.05,"response_headers":["Via"]}
1 < X-Powered-By: Express
1 < Access-Control-Allow-Origin: *
1 < Etag: W/"2c1-N6Rqerxquq2kgQhL51EiSg4x0R8"
1 < Via: 1.1 vegur
1 < Cache-Control: max-age=14400
1 < CF-Cache-Status: HIT
1 < Age: 78
1 < Vary: Accept-Encoding
1 < Server: cloudflare
1 < CF-RAY: 86109a261be3793d-AMD
{"page":1,"per_page":6,"total":12,"total_pages":2,"data":[{"id":1,"name":"cerulean","year":2000,"color":"#98B2D1","pantone_value":"15-4020"},{"id":2,"name":"fuchsia rose","year":2001,"color":"#C74375","pantone_value":"17-2031"},{"id":3,"name":"true red","year":2002,"color":"#BF1932","pantone_value":"19-1664"},{"id":4,"name":"aqua sky","year":2003,"color":"#7BC4C4","pantone_value":"14-4811"},{"id":5,"name":"tigerlily","year":2004,"color":"#E2583E","pantone_value":"17-1456"},{"id":6,"name":"blue turquoise","year":2005,"color":"#53B0AE","pantone_value":"15-5217"}],"support":{"url":"https://reqres.in/#support-heading","text":"To keep ReqRes free, contributions towards server costs are appreciated!"}}

11:29:56.685 [pool-1-thread-4] DEBUG com.intuit.karate - response time in milliseconds: 390
1 < 200
1 < Date: Fri, 08 Mar 2024 05:59:57 GMT
1 < Content-Type: application/json; charset=utf-8
1 < Transfer-Encoding: chunked
1 < Connection: keep-alive
1 < Report-To: {"group":"heroku-nel","max_age":3600,"endpoints":[{"url":"https://nel.heroku.com/reports?ts=1709695435&sid=c4c9725f-1ab0-44d8-820f-430df2718e11&s=ru7YzmZ%2BYILLdZUZWpFCTQOGkZIzA66c4BpWjdBOHhI%3D"}]}
1 < Reporting-Endpoints: heroku-nel=https://nel.heroku.com/reports?ts=1709695435&sid=c4c9725f-1ab0-44d8-820f-430df2718e11&s=ru7YzmZ%2BYILLdZUZWpFCTQOGkZIzA66c4BpWjdBOHhI%3D
1 < Nel: {"report_to":"heroku-nel","max_age":3600,"success_fraction":0.005,"failure_fraction":0.05,"response_headers":["Via"]}
1 < X-Powered-By: Express
1 < Access-Control-Allow-Origin: *
1 < Etag: W/"406-ut0vzoCuidvyMf8arZpMpJ6ZRDw"
1 < Via: 1.1 vegur
1 < Cache-Control: max-age=14400
1 < CF-Cache-Status: HIT
1 < Age: 6139
1 < Vary: Accept-Encoding
1 < Server: cloudflare
1 < CF-RAY: 86109a261fbe7932-AMD
{"page":2,"per_page":6,"total":12,"total_pages":2,"data":[{"id":7,"email":"michael.lawson@reqres.in","first_name":"Michael","last_name":"Lawson","avatar":"https://reqres.in/img/faces/7-image.jpg"},{"id":8,"email":"lindsay.ferguson@reqres.in","first_name":"Lindsay","last_name":"Ferguson","avatar":"https://reqres.in/img/faces/8-image.jpg"},{"id":9,"email":"tobias.funke@reqres.in","first_name":"Tobias","last_name":"Funke","avatar":"https://reqres.in/img/faces/9-image.jpg"},{"id":10,"email":"byron.fields@reqres.in","first_name":"Byron","last_name":"Fields","avatar":"https://reqres.in/img/faces/10-image.jpg"},{"id":11,"email":"george.edwards@reqres.in","first_name":"George","last_name":"Edwards","avatar":"https://reqres.in/img/faces/11-image.jpg"},{"id":12,"email":"rachel.howell@reqres.in","first_name":"Rachel","last_name":"Howell","avatar":"https://reqres.in/img/faces/12-image.jpg"}],"support":{"url":"https://reqres.in/#support-heading","text":"To keep ReqRes free, contributions towards server costs are appreciated!"}}

11:29:56.685 [pool-1-thread-1] DEBUG com.intuit.karate - response time in milliseconds: 389
1 < 200
1 < Date: Fri, 08 Mar 2024 05:59:57 GMT
1 < Content-Type: application/json; charset=utf-8
1 < Transfer-Encoding: chunked
1 < Connection: keep-alive
1 < Report-To: {"group":"heroku-nel","max_age":3600,"endpoints":[{"url":"https://nel.heroku.com/reports?ts=1709736140&sid=c4c9725f-1ab0-44d8-820f-430df2718e11&s=Q01AfIJYttLK3P3Bpqe%2FQ%2FkFSAouMGoDFoL0GbEUkTw%3D"}]}
1 < Reporting-Endpoints: heroku-nel=https://nel.heroku.com/reports?ts=1709736140&sid=c4c9725f-1ab0-44d8-820f-430df2718e11&s=Q01AfIJYttLK3P3Bpqe%2FQ%2FkFSAouMGoDFoL0GbEUkTw%3D
1 < Nel: {"report_to":"heroku-nel","max_age":3600,"success_fraction":0.005,"failure_fraction":0.05,"response_headers":["Via"]}
1 < X-Powered-By: Express
1 < Access-Control-Allow-Origin: *
1 < Etag: W/"118-pbdwwFo9SKNhD3Lx5iHJyngpq00"
1 < Via: 1.1 vegur
1 < Cache-Control: max-age=14400
1 < CF-Cache-Status: HIT
1 < Age: 4854
1 < Vary: Accept-Encoding
1 < Server: cloudflare
1 < CF-RAY: 86109a261bda793d-AMD
{"data":{"id":2,"email":"janet.weaver@reqres.in","first_name":"Janet","last_name":"Weaver","avatar":"https://reqres.in/img/faces/2-image.jpg"},"support":{"url":"https://reqres.in/#support-heading","text":"To keep ReqRes free, contributions towards server costs are appreciated!"}}

11:29:56.708 [pool-1-thread-2] INFO  com.intuit.karate - [print] {
  "page": 1,
  "per_page": 6,
  "total": 12,
  "total_pages": 2,
  "data": [
    {
      "id": 1,
      "name": "cerulean",
      "year": 2000,
      "color": "#98B2D1",
      "pantone_value": "15-4020"
    },
    {
      "id": 2,
      "name": "fuchsia rose",
      "year": 2001,
      "color": "#C74375",
      "pantone_value": "17-2031"
    },
    {
      "id": 3,
      "name": "true red",
      "year": 2002,
      "color": "#BF1932",
      "pantone_value": "19-1664"
    },
    {
      "id": 4,
      "name": "aqua sky",
      "year": 2003,
      "color": "#7BC4C4",
      "pantone_value": "14-4811"
    },
    {
      "id": 5,
      "name": "tigerlily",
      "year": 2004,
      "color": "#E2583E",
      "pantone_value": "17-1456"
    },
    {
      "id": 6,
      "name": "blue turquoise",
      "year": 2005,
      "color": "#53B0AE",
      "pantone_value": "15-5217"
    }
  ],
  "support": {
    "url": "https://reqres.in/#support-heading",
    "text": "To keep ReqRes free, contributions towards server costs are appreciated!"
  }
}
 
11:29:56.708 [pool-1-thread-1] INFO  com.intuit.karate - [print] {
  "data": {
    "id": 2,
    "email": "janet.weaver@reqres.in",
    "first_name": "Janet",
    "last_name": "Weaver",
    "avatar": "https://reqres.in/img/faces/2-image.jpg"
  },
  "support": {
    "url": "https://reqres.in/#support-heading",
    "text": "To keep ReqRes free, contributions towards server costs are appreciated!"
  }
}
 
11:29:56.715 [pool-1-thread-2] INFO  com.intuit.karate - [print] 200 
11:29:56.714 [pool-1-thread-1] INFO  com.intuit.karate - [print] 200 
11:29:56.715 [pool-1-thread-1] INFO  com.intuit.karate - [print] 389 
11:29:56.715 [pool-1-thread-2] INFO  com.intuit.karate - [print] 388 
11:29:56.719 [pool-1-thread-1] INFO  com.intuit.karate - [print] {
  "Date": [
    "Fri, 08 Mar 2024 05:59:57 GMT"
  ],
  "Content-Type": [
    "application/json; charset=utf-8"
  ],
  "Transfer-Encoding": [
    "chunked"
  ],
  "Connection": [
    "keep-alive"
  ],
  "Report-To": [
    "{\"group\":\"heroku-nel\",\"max_age\":3600,\"endpoints\":[{\"url\":\"https://nel.heroku.com/reports?ts=1709736140&sid=c4c9725f-1ab0-44d8-820f-430df2718e11&s=Q01AfIJYttLK3P3Bpqe%2FQ%2FkFSAouMGoDFoL0GbEUkTw%3D\"}]}"
  ],
  "Reporting-Endpoints": [
    "heroku-nel=https://nel.heroku.com/reports?ts=1709736140&sid=c4c9725f-1ab0-44d8-820f-430df2718e11&s=Q01AfIJYttLK3P3Bpqe%2FQ%2FkFSAouMGoDFoL0GbEUkTw%3D"
  ],
  "Nel": [
    "{\"report_to\":\"heroku-nel\",\"max_age\":3600,\"success_fraction\":0.005,\"failure_fraction\":0.05,\"response_headers\":[\"Via\"]}"
  ],
  "X-Powered-By": [
    "Express"
  ],
  "Access-Control-Allow-Origin": [
    "*"
  ],
  "Etag": [
    "W/\"118-pbdwwFo9SKNhD3Lx5iHJyngpq00\""
  ],
  "Via": [
    "1.1 vegur"
  ],
  "Cache-Control": [
    "max-age=14400"
  ],
  "CF-Cache-Status": [
    "HIT"
  ],
  "Age": [
    "4854"
  ],
  "Vary": [
    "Accept-Encoding"
  ],
  "Server": [
    "cloudflare"
  ],
  "CF-RAY": [
    "86109a261bda793d-AMD"
  ]
}
 
11:29:56.719 [pool-1-thread-2] INFO  com.intuit.karate - [print] {
  "Date": [
    "Fri, 08 Mar 2024 05:59:57 GMT"
  ],
  "Content-Type": [
    "application/json; charset=utf-8"
  ],
  "Transfer-Encoding": [
    "chunked"
  ],
  "Connection": [
    "keep-alive"
  ],
  "Report-To": [
    "{\"group\":\"heroku-nel\",\"max_age\":3600,\"endpoints\":[{\"url\":\"https://nel.heroku.com/reports?ts=1709877519&sid=c4c9725f-1ab0-44d8-820f-430df2718e11&s=X3ztwjlS2gWTSjpqJeeUujuov5HeFyRCq4a%2FusSNwAk%3D\"}]}"
  ],
  "Reporting-Endpoints": [
    "heroku-nel=https://nel.heroku.com/reports?ts=1709877519&sid=c4c9725f-1ab0-44d8-820f-430df2718e11&s=X3ztwjlS2gWTSjpqJeeUujuov5HeFyRCq4a%2FusSNwAk%3D"
  ],
  "Nel": [
    "{\"report_to\":\"heroku-nel\",\"max_age\":3600,\"success_fraction\":0.005,\"failure_fraction\":0.05,\"response_headers\":[\"Via\"]}"
  ],
  "X-Powered-By": [
    "Express"
  ],
  "Access-Control-Allow-Origin": [
    "*"
  ],
  "Etag": [
    "W/\"2c1-N6Rqerxquq2kgQhL51EiSg4x0R8\""
  ],
  "Via": [
    "1.1 vegur"
  ],
  "Cache-Control": [
    "max-age=14400"
  ],
  "CF-Cache-Status": [
    "HIT"
  ],
  "Age": [
    "78"
  ],
  "Vary": [
    "Accept-Encoding"
  ],
  "Server": [
    "cloudflare"
  ],
  "CF-RAY": [
    "86109a261be3793d-AMD"
  ]
}
 
11:29:56.720 [pool-1-thread-2] INFO  com.intuit.karate - [print] null 
11:29:56.720 [pool-1-thread-1] INFO  com.intuit.karate - [print] null 
11:29:56.989 [pool-1-thread-3] DEBUG com.intuit.karate - response time in milliseconds: 693
1 < 201
1 < Date: Fri, 08 Mar 2024 05:59:57 GMT
1 < Content-Type: application/json; charset=utf-8
1 < Content-Length: 83
1 < Connection: keep-alive
1 < Report-To: {"group":"heroku-nel","max_age":3600,"endpoints":[{"url":"https://nel.heroku.com/reports?ts=1709877597&sid=c4c9725f-1ab0-44d8-820f-430df2718e11&s=WvnAlUu5mZu1d9EHJ8VZTYDv0GC5qc%2BXradWXcXyWhc%3D"}]}
1 < Reporting-Endpoints: heroku-nel=https://nel.heroku.com/reports?ts=1709877597&sid=c4c9725f-1ab0-44d8-820f-430df2718e11&s=WvnAlUu5mZu1d9EHJ8VZTYDv0GC5qc%2BXradWXcXyWhc%3D
1 < Nel: {"report_to":"heroku-nel","max_age":3600,"success_fraction":0.005,"failure_fraction":0.05,"response_headers":["Via"]}
1 < X-Powered-By: Express
1 < Access-Control-Allow-Origin: *
1 < Etag: W/"53-qd+XhC3zCfediKfB43ofdCvgvt8"
1 < Via: 1.1 vegur
1 < CF-Cache-Status: DYNAMIC
1 < Server: cloudflare
1 < CF-RAY: 86109a261e927957-AMD
{"name":"Raghav","job":"teacher","id":"802","createdAt":"2024-03-08T05:59:57.373Z"}

11:29:56.994 [pool-1-thread-3] INFO  com.intuit.karate - [print] {
  "name": "Raghav",
  "job": "teacher",
  "id": "802",
  "createdAt": "2024-03-08T05:59:57.373Z"
}
 
11:29:57.468 [pool-2-thread-1] INFO  com.intuit.karate.Suite - <<pass>> feature 1 of 3 (2 remaining) classpath:examples/users/Get.feature
11:29:57.516 [pool-2-thread-1] INFO  com.intuit.karate.Suite - <<pass>> feature 2 of 3 (1 remaining) classpath:examples/users/Post.feature
11:29:57.555 [pool-2-thread-1] INFO  com.intuit.karate.Suite - <<pass>> feature 3 of 3 (0 remaining) classpath:examples/users/users.feature
11:31:19.485 [main] DEBUG com.intuit.karate.Suite - [config] classpath:karate-config.js
11:31:19.485 [main] WARN  com.intuit.karate.Suite - failed to backup existing dir: target\karate-reports
11:31:19.502 [main] DEBUG com.intuit.karate.Suite - waiting for 3 features to complete
11:31:20.474 [pool-1-thread-3] INFO  com.intuit.karate - karate.env system property was: null 
11:31:20.474 [pool-1-thread-1] INFO  com.intuit.karate - karate.env system property was: null 
11:31:20.474 [pool-1-thread-2] INFO  com.intuit.karate - karate.env system property was: null 
11:31:20.475 [pool-1-thread-4] INFO  com.intuit.karate - karate.env system property was: null 
11:31:20.625 [pool-1-thread-3] ERROR com.intuit.karate - classpath:examples/users/Post.feature:6
When status 201
Cannot invoke "com.intuit.karate.http.Response.getStatus()" because "this.response" is null
classpath:examples/users/Post.feature:6
11:31:20.803 [pool-1-thread-4] DEBUG com.intuit.karate - request:
1 > GET https://reqres.in/api/users?page=2
1 > Host: reqres.in
1 > Connection: Keep-Alive
1 > User-Agent: Apache-HttpClient/4.5.13 (Java/17.0.6)
1 > Accept-Encoding: gzip,deflate


11:31:20.803 [pool-1-thread-2] DEBUG com.intuit.karate - request:
1 > GET https://reqres.in/api/users%3Fpage=2
1 > Accept: application/json
1 > Host: reqres.in
1 > Connection: Keep-Alive
1 > User-Agent: Apache-HttpClient/4.5.13 (Java/17.0.6)
1 > Accept-Encoding: gzip,deflate


11:31:20.803 [pool-1-thread-1] DEBUG com.intuit.karate - request:
1 > GET https://reqres.in/api/users/2
1 > Accept: application/json
1 > Host: reqres.in
1 > Connection: Keep-Alive
1 > User-Agent: Apache-HttpClient/4.5.13 (Java/17.0.6)
1 > Accept-Encoding: gzip,deflate


11:31:21.232 [pool-1-thread-1] DEBUG com.intuit.karate - response time in milliseconds: 429
1 < 200
1 < Date: Fri, 08 Mar 2024 06:01:21 GMT
1 < Content-Type: application/json; charset=utf-8
1 < Transfer-Encoding: chunked
1 < Connection: keep-alive
1 < Report-To: {"group":"heroku-nel","max_age":3600,"endpoints":[{"url":"https://nel.heroku.com/reports?ts=1709736140&sid=c4c9725f-1ab0-44d8-820f-430df2718e11&s=Q01AfIJYttLK3P3Bpqe%2FQ%2FkFSAouMGoDFoL0GbEUkTw%3D"}]}
1 < Reporting-Endpoints: heroku-nel=https://nel.heroku.com/reports?ts=1709736140&sid=c4c9725f-1ab0-44d8-820f-430df2718e11&s=Q01AfIJYttLK3P3Bpqe%2FQ%2FkFSAouMGoDFoL0GbEUkTw%3D
1 < Nel: {"report_to":"heroku-nel","max_age":3600,"success_fraction":0.005,"failure_fraction":0.05,"response_headers":["Via"]}
1 < X-Powered-By: Express
1 < Access-Control-Allow-Origin: *
1 < Etag: W/"118-pbdwwFo9SKNhD3Lx5iHJyngpq00"
1 < Via: 1.1 vegur
1 < Cache-Control: max-age=14400
1 < CF-Cache-Status: HIT
1 < Age: 4938
1 < Vary: Accept-Encoding
1 < Server: cloudflare
1 < CF-RAY: 86109c367f42a3b1-AMD
{"data":{"id":2,"email":"janet.weaver@reqres.in","first_name":"Janet","last_name":"Weaver","avatar":"https://reqres.in/img/faces/2-image.jpg"},"support":{"url":"https://reqres.in/#support-heading","text":"To keep ReqRes free, contributions towards server costs are appreciated!"}}

11:31:21.232 [pool-1-thread-4] DEBUG com.intuit.karate - response time in milliseconds: 429
1 < 200
1 < Date: Fri, 08 Mar 2024 06:01:21 GMT
1 < Content-Type: application/json; charset=utf-8
1 < Transfer-Encoding: chunked
1 < Connection: keep-alive
1 < Report-To: {"group":"heroku-nel","max_age":3600,"endpoints":[{"url":"https://nel.heroku.com/reports?ts=1709695435&sid=c4c9725f-1ab0-44d8-820f-430df2718e11&s=ru7YzmZ%2BYILLdZUZWpFCTQOGkZIzA66c4BpWjdBOHhI%3D"}]}
1 < Reporting-Endpoints: heroku-nel=https://nel.heroku.com/reports?ts=1709695435&sid=c4c9725f-1ab0-44d8-820f-430df2718e11&s=ru7YzmZ%2BYILLdZUZWpFCTQOGkZIzA66c4BpWjdBOHhI%3D
1 < Nel: {"report_to":"heroku-nel","max_age":3600,"success_fraction":0.005,"failure_fraction":0.05,"response_headers":["Via"]}
1 < X-Powered-By: Express
1 < Access-Control-Allow-Origin: *
1 < Etag: W/"406-ut0vzoCuidvyMf8arZpMpJ6ZRDw"
1 < Via: 1.1 vegur
1 < Cache-Control: max-age=14400
1 < CF-Cache-Status: HIT
1 < Age: 6223
1 < Vary: Accept-Encoding
1 < Server: cloudflare
1 < CF-RAY: 86109c367a397957-AMD
{"page":2,"per_page":6,"total":12,"total_pages":2,"data":[{"id":7,"email":"michael.lawson@reqres.in","first_name":"Michael","last_name":"Lawson","avatar":"https://reqres.in/img/faces/7-image.jpg"},{"id":8,"email":"lindsay.ferguson@reqres.in","first_name":"Lindsay","last_name":"Ferguson","avatar":"https://reqres.in/img/faces/8-image.jpg"},{"id":9,"email":"tobias.funke@reqres.in","first_name":"Tobias","last_name":"Funke","avatar":"https://reqres.in/img/faces/9-image.jpg"},{"id":10,"email":"byron.fields@reqres.in","first_name":"Byron","last_name":"Fields","avatar":"https://reqres.in/img/faces/10-image.jpg"},{"id":11,"email":"george.edwards@reqres.in","first_name":"George","last_name":"Edwards","avatar":"https://reqres.in/img/faces/11-image.jpg"},{"id":12,"email":"rachel.howell@reqres.in","first_name":"Rachel","last_name":"Howell","avatar":"https://reqres.in/img/faces/12-image.jpg"}],"support":{"url":"https://reqres.in/#support-heading","text":"To keep ReqRes free, contributions towards server costs are appreciated!"}}

11:31:21.232 [pool-1-thread-2] DEBUG com.intuit.karate - response time in milliseconds: 429
1 < 200
1 < Date: Fri, 08 Mar 2024 06:01:21 GMT
1 < Content-Type: application/json; charset=utf-8
1 < Transfer-Encoding: chunked
1 < Connection: keep-alive
1 < Report-To: {"group":"heroku-nel","max_age":3600,"endpoints":[{"url":"https://nel.heroku.com/reports?ts=1709877519&sid=c4c9725f-1ab0-44d8-820f-430df2718e11&s=X3ztwjlS2gWTSjpqJeeUujuov5HeFyRCq4a%2FusSNwAk%3D"}]}
1 < Reporting-Endpoints: heroku-nel=https://nel.heroku.com/reports?ts=1709877519&sid=c4c9725f-1ab0-44d8-820f-430df2718e11&s=X3ztwjlS2gWTSjpqJeeUujuov5HeFyRCq4a%2FusSNwAk%3D
1 < Nel: {"report_to":"heroku-nel","max_age":3600,"success_fraction":0.005,"failure_fraction":0.05,"response_headers":["Via"]}
1 < X-Powered-By: Express
1 < Access-Control-Allow-Origin: *
1 < Etag: W/"2c1-N6Rqerxquq2kgQhL51EiSg4x0R8"
1 < Via: 1.1 vegur
1 < Cache-Control: max-age=14400
1 < CF-Cache-Status: HIT
1 < Age: 162
1 < Vary: Accept-Encoding
1 < Server: cloudflare
1 < CF-RAY: 86109c367a3aa3b2-AMD
{"page":1,"per_page":6,"total":12,"total_pages":2,"data":[{"id":1,"name":"cerulean","year":2000,"color":"#98B2D1","pantone_value":"15-4020"},{"id":2,"name":"fuchsia rose","year":2001,"color":"#C74375","pantone_value":"17-2031"},{"id":3,"name":"true red","year":2002,"color":"#BF1932","pantone_value":"19-1664"},{"id":4,"name":"aqua sky","year":2003,"color":"#7BC4C4","pantone_value":"14-4811"},{"id":5,"name":"tigerlily","year":2004,"color":"#E2583E","pantone_value":"17-1456"},{"id":6,"name":"blue turquoise","year":2005,"color":"#53B0AE","pantone_value":"15-5217"}],"support":{"url":"https://reqres.in/#support-heading","text":"To keep ReqRes free, contributions towards server costs are appreciated!"}}

11:31:21.249 [pool-1-thread-1] INFO  com.intuit.karate - [print] {
  "data": {
    "id": 2,
    "email": "janet.weaver@reqres.in",
    "first_name": "Janet",
    "last_name": "Weaver",
    "avatar": "https://reqres.in/img/faces/2-image.jpg"
  },
  "support": {
    "url": "https://reqres.in/#support-heading",
    "text": "To keep ReqRes free, contributions towards server costs are appreciated!"
  }
}
 
11:31:21.249 [pool-1-thread-2] INFO  com.intuit.karate - [print] {
  "page": 1,
  "per_page": 6,
  "total": 12,
  "total_pages": 2,
  "data": [
    {
      "id": 1,
      "name": "cerulean",
      "year": 2000,
      "color": "#98B2D1",
      "pantone_value": "15-4020"
    },
    {
      "id": 2,
      "name": "fuchsia rose",
      "year": 2001,
      "color": "#C74375",
      "pantone_value": "17-2031"
    },
    {
      "id": 3,
      "name": "true red",
      "year": 2002,
      "color": "#BF1932",
      "pantone_value": "19-1664"
    },
    {
      "id": 4,
      "name": "aqua sky",
      "year": 2003,
      "color": "#7BC4C4",
      "pantone_value": "14-4811"
    },
    {
      "id": 5,
      "name": "tigerlily",
      "year": 2004,
      "color": "#E2583E",
      "pantone_value": "17-1456"
    },
    {
      "id": 6,
      "name": "blue turquoise",
      "year": 2005,
      "color": "#53B0AE",
      "pantone_value": "15-5217"
    }
  ],
  "support": {
    "url": "https://reqres.in/#support-heading",
    "text": "To keep ReqRes free, contributions towards server costs are appreciated!"
  }
}
 
11:31:21.252 [pool-1-thread-1] INFO  com.intuit.karate - [print] 200 
11:31:21.252 [pool-1-thread-2] INFO  com.intuit.karate - [print] 200 
11:31:21.252 [pool-1-thread-1] INFO  com.intuit.karate - [print] 429 
11:31:21.252 [pool-1-thread-2] INFO  com.intuit.karate - [print] 429 
11:31:21.252 [pool-1-thread-1] INFO  com.intuit.karate - [print] {
  "Date": [
    "Fri, 08 Mar 2024 06:01:21 GMT"
  ],
  "Content-Type": [
    "application/json; charset=utf-8"
  ],
  "Transfer-Encoding": [
    "chunked"
  ],
  "Connection": [
    "keep-alive"
  ],
  "Report-To": [
    "{\"group\":\"heroku-nel\",\"max_age\":3600,\"endpoints\":[{\"url\":\"https://nel.heroku.com/reports?ts=1709736140&sid=c4c9725f-1ab0-44d8-820f-430df2718e11&s=Q01AfIJYttLK3P3Bpqe%2FQ%2FkFSAouMGoDFoL0GbEUkTw%3D\"}]}"
  ],
  "Reporting-Endpoints": [
    "heroku-nel=https://nel.heroku.com/reports?ts=1709736140&sid=c4c9725f-1ab0-44d8-820f-430df2718e11&s=Q01AfIJYttLK3P3Bpqe%2FQ%2FkFSAouMGoDFoL0GbEUkTw%3D"
  ],
  "Nel": [
    "{\"report_to\":\"heroku-nel\",\"max_age\":3600,\"success_fraction\":0.005,\"failure_fraction\":0.05,\"response_headers\":[\"Via\"]}"
  ],
  "X-Powered-By": [
    "Express"
  ],
  "Access-Control-Allow-Origin": [
    "*"
  ],
  "Etag": [
    "W/\"118-pbdwwFo9SKNhD3Lx5iHJyngpq00\""
  ],
  "Via": [
    "1.1 vegur"
  ],
  "Cache-Control": [
    "max-age=14400"
  ],
  "CF-Cache-Status": [
    "HIT"
  ],
  "Age": [
    "4938"
  ],
  "Vary": [
    "Accept-Encoding"
  ],
  "Server": [
    "cloudflare"
  ],
  "CF-RAY": [
    "86109c367f42a3b1-AMD"
  ]
}
 
11:31:21.252 [pool-1-thread-2] INFO  com.intuit.karate - [print] {
  "Date": [
    "Fri, 08 Mar 2024 06:01:21 GMT"
  ],
  "Content-Type": [
    "application/json; charset=utf-8"
  ],
  "Transfer-Encoding": [
    "chunked"
  ],
  "Connection": [
    "keep-alive"
  ],
  "Report-To": [
    "{\"group\":\"heroku-nel\",\"max_age\":3600,\"endpoints\":[{\"url\":\"https://nel.heroku.com/reports?ts=1709877519&sid=c4c9725f-1ab0-44d8-820f-430df2718e11&s=X3ztwjlS2gWTSjpqJeeUujuov5HeFyRCq4a%2FusSNwAk%3D\"}]}"
  ],
  "Reporting-Endpoints": [
    "heroku-nel=https://nel.heroku.com/reports?ts=1709877519&sid=c4c9725f-1ab0-44d8-820f-430df2718e11&s=X3ztwjlS2gWTSjpqJeeUujuov5HeFyRCq4a%2FusSNwAk%3D"
  ],
  "Nel": [
    "{\"report_to\":\"heroku-nel\",\"max_age\":3600,\"success_fraction\":0.005,\"failure_fraction\":0.05,\"response_headers\":[\"Via\"]}"
  ],
  "X-Powered-By": [
    "Express"
  ],
  "Access-Control-Allow-Origin": [
    "*"
  ],
  "Etag": [
    "W/\"2c1-N6Rqerxquq2kgQhL51EiSg4x0R8\""
  ],
  "Via": [
    "1.1 vegur"
  ],
  "Cache-Control": [
    "max-age=14400"
  ],
  "CF-Cache-Status": [
    "HIT"
  ],
  "Age": [
    "162"
  ],
  "Vary": [
    "Accept-Encoding"
  ],
  "Server": [
    "cloudflare"
  ],
  "CF-RAY": [
    "86109c367a3aa3b2-AMD"
  ]
}
 
11:31:21.257 [pool-1-thread-2] INFO  com.intuit.karate - [print] null 
11:31:21.257 [pool-1-thread-1] INFO  com.intuit.karate - [print] null 
11:31:21.922 [pool-2-thread-1] INFO  com.intuit.karate.Suite - <<pass>> feature 1 of 3 (2 remaining) classpath:examples/users/Get.feature
11:31:21.968 [pool-2-thread-1] INFO  com.intuit.karate.Suite - <<fail>> feature 2 of 3 (1 remaining) classpath:examples/users/Post.feature
11:31:21.992 [pool-2-thread-1] INFO  com.intuit.karate.Suite - <<pass>> feature 3 of 3 (0 remaining) classpath:examples/users/users.feature
11:31:43.968 [main] DEBUG com.intuit.karate.Suite - [config] classpath:karate-config.js
11:31:43.968 [main] WARN  com.intuit.karate.Suite - failed to backup existing dir: target\karate-reports
11:31:43.968 [main] DEBUG com.intuit.karate.Suite - waiting for 3 features to complete
11:31:44.981 [pool-1-thread-3] INFO  com.intuit.karate - karate.env system property was: null 
11:31:44.981 [pool-1-thread-2] INFO  com.intuit.karate - karate.env system property was: null 
11:31:44.981 [pool-1-thread-1] INFO  com.intuit.karate - karate.env system property was: null 
11:31:44.981 [pool-1-thread-4] INFO  com.intuit.karate - karate.env system property was: null 
11:31:45.134 [pool-1-thread-3] ERROR com.intuit.karate - classpath:examples/users/Post.feature:6
Then status 201
Cannot invoke "com.intuit.karate.http.Response.getStatus()" because "this.response" is null
classpath:examples/users/Post.feature:6
11:31:45.302 [pool-1-thread-4] DEBUG com.intuit.karate - request:
1 > GET https://reqres.in/api/users?page=2
1 > Host: reqres.in
1 > Connection: Keep-Alive
1 > User-Agent: Apache-HttpClient/4.5.13 (Java/17.0.6)
1 > Accept-Encoding: gzip,deflate


11:31:45.302 [pool-1-thread-2] DEBUG com.intuit.karate - request:
1 > GET https://reqres.in/api/users%3Fpage=2
1 > Accept: application/json
1 > Host: reqres.in
1 > Connection: Keep-Alive
1 > User-Agent: Apache-HttpClient/4.5.13 (Java/17.0.6)
1 > Accept-Encoding: gzip,deflate


11:31:45.302 [pool-1-thread-1] DEBUG com.intuit.karate - request:
1 > GET https://reqres.in/api/users/2
1 > Accept: application/json
1 > Host: reqres.in
1 > Connection: Keep-Alive
1 > User-Agent: Apache-HttpClient/4.5.13 (Java/17.0.6)
1 > Accept-Encoding: gzip,deflate


11:31:45.670 [pool-1-thread-1] DEBUG com.intuit.karate - response time in milliseconds: 366
1 < 200
1 < Date: Fri, 08 Mar 2024 06:01:46 GMT
1 < Content-Type: application/json; charset=utf-8
1 < Transfer-Encoding: chunked
1 < Connection: keep-alive
1 < Report-To: {"group":"heroku-nel","max_age":3600,"endpoints":[{"url":"https://nel.heroku.com/reports?ts=1709736140&sid=c4c9725f-1ab0-44d8-820f-430df2718e11&s=Q01AfIJYttLK3P3Bpqe%2FQ%2FkFSAouMGoDFoL0GbEUkTw%3D"}]}
1 < Reporting-Endpoints: heroku-nel=https://nel.heroku.com/reports?ts=1709736140&sid=c4c9725f-1ab0-44d8-820f-430df2718e11&s=Q01AfIJYttLK3P3Bpqe%2FQ%2FkFSAouMGoDFoL0GbEUkTw%3D
1 < Nel: {"report_to":"heroku-nel","max_age":3600,"success_fraction":0.005,"failure_fraction":0.05,"response_headers":["Via"]}
1 < X-Powered-By: Express
1 < Access-Control-Allow-Origin: *
1 < Etag: W/"118-pbdwwFo9SKNhD3Lx5iHJyngpq00"
1 < Via: 1.1 vegur
1 < Cache-Control: max-age=14400
1 < CF-Cache-Status: HIT
1 < Age: 4963
1 < Vary: Accept-Encoding
1 < Server: cloudflare
1 < CF-RAY: 86109ccf3e77795c-AMD
{"data":{"id":2,"email":"janet.weaver@reqres.in","first_name":"Janet","last_name":"Weaver","avatar":"https://reqres.in/img/faces/2-image.jpg"},"support":{"url":"https://reqres.in/#support-heading","text":"To keep ReqRes free, contributions towards server costs are appreciated!"}}

11:31:45.670 [pool-1-thread-4] DEBUG com.intuit.karate - response time in milliseconds: 367
1 < 200
1 < Date: Fri, 08 Mar 2024 06:01:46 GMT
1 < Content-Type: application/json; charset=utf-8
1 < Transfer-Encoding: chunked
1 < Connection: keep-alive
1 < Report-To: {"group":"heroku-nel","max_age":3600,"endpoints":[{"url":"https://nel.heroku.com/reports?ts=1709695435&sid=c4c9725f-1ab0-44d8-820f-430df2718e11&s=ru7YzmZ%2BYILLdZUZWpFCTQOGkZIzA66c4BpWjdBOHhI%3D"}]}
1 < Reporting-Endpoints: heroku-nel=https://nel.heroku.com/reports?ts=1709695435&sid=c4c9725f-1ab0-44d8-820f-430df2718e11&s=ru7YzmZ%2BYILLdZUZWpFCTQOGkZIzA66c4BpWjdBOHhI%3D
1 < Nel: {"report_to":"heroku-nel","max_age":3600,"success_fraction":0.005,"failure_fraction":0.05,"response_headers":["Via"]}
1 < X-Powered-By: Express
1 < Access-Control-Allow-Origin: *
1 < Etag: W/"406-ut0vzoCuidvyMf8arZpMpJ6ZRDw"
1 < Via: 1.1 vegur
1 < Cache-Control: max-age=14400
1 < CF-Cache-Status: HIT
1 < Age: 6248
1 < Vary: Accept-Encoding
1 < Server: cloudflare
1 < CF-RAY: 86109ccf4849795d-AMD
{"page":2,"per_page":6,"total":12,"total_pages":2,"data":[{"id":7,"email":"michael.lawson@reqres.in","first_name":"Michael","last_name":"Lawson","avatar":"https://reqres.in/img/faces/7-image.jpg"},{"id":8,"email":"lindsay.ferguson@reqres.in","first_name":"Lindsay","last_name":"Ferguson","avatar":"https://reqres.in/img/faces/8-image.jpg"},{"id":9,"email":"tobias.funke@reqres.in","first_name":"Tobias","last_name":"Funke","avatar":"https://reqres.in/img/faces/9-image.jpg"},{"id":10,"email":"byron.fields@reqres.in","first_name":"Byron","last_name":"Fields","avatar":"https://reqres.in/img/faces/10-image.jpg"},{"id":11,"email":"george.edwards@reqres.in","first_name":"George","last_name":"Edwards","avatar":"https://reqres.in/img/faces/11-image.jpg"},{"id":12,"email":"rachel.howell@reqres.in","first_name":"Rachel","last_name":"Howell","avatar":"https://reqres.in/img/faces/12-image.jpg"}],"support":{"url":"https://reqres.in/#support-heading","text":"To keep ReqRes free, contributions towards server costs are appreciated!"}}

11:31:45.670 [pool-1-thread-2] DEBUG com.intuit.karate - response time in milliseconds: 367
1 < 200
1 < Date: Fri, 08 Mar 2024 06:01:46 GMT
1 < Content-Type: application/json; charset=utf-8
1 < Transfer-Encoding: chunked
1 < Connection: keep-alive
1 < Report-To: {"group":"heroku-nel","max_age":3600,"endpoints":[{"url":"https://nel.heroku.com/reports?ts=1709877519&sid=c4c9725f-1ab0-44d8-820f-430df2718e11&s=X3ztwjlS2gWTSjpqJeeUujuov5HeFyRCq4a%2FusSNwAk%3D"}]}
1 < Reporting-Endpoints: heroku-nel=https://nel.heroku.com/reports?ts=1709877519&sid=c4c9725f-1ab0-44d8-820f-430df2718e11&s=X3ztwjlS2gWTSjpqJeeUujuov5HeFyRCq4a%2FusSNwAk%3D
1 < Nel: {"report_to":"heroku-nel","max_age":3600,"success_fraction":0.005,"failure_fraction":0.05,"response_headers":["Via"]}
1 < X-Powered-By: Express
1 < Access-Control-Allow-Origin: *
1 < Etag: W/"2c1-N6Rqerxquq2kgQhL51EiSg4x0R8"
1 < Via: 1.1 vegur
1 < Cache-Control: max-age=14400
1 < CF-Cache-Status: HIT
1 < Age: 187
1 < Vary: Accept-Encoding
1 < Server: cloudflare
1 < CF-RAY: 86109ccf4b197957-AMD
{"page":1,"per_page":6,"total":12,"total_pages":2,"data":[{"id":1,"name":"cerulean","year":2000,"color":"#98B2D1","pantone_value":"15-4020"},{"id":2,"name":"fuchsia rose","year":2001,"color":"#C74375","pantone_value":"17-2031"},{"id":3,"name":"true red","year":2002,"color":"#BF1932","pantone_value":"19-1664"},{"id":4,"name":"aqua sky","year":2003,"color":"#7BC4C4","pantone_value":"14-4811"},{"id":5,"name":"tigerlily","year":2004,"color":"#E2583E","pantone_value":"17-1456"},{"id":6,"name":"blue turquoise","year":2005,"color":"#53B0AE","pantone_value":"15-5217"}],"support":{"url":"https://reqres.in/#support-heading","text":"To keep ReqRes free, contributions towards server costs are appreciated!"}}

11:31:45.683 [pool-1-thread-2] INFO  com.intuit.karate - [print] {
  "page": 1,
  "per_page": 6,
  "total": 12,
  "total_pages": 2,
  "data": [
    {
      "id": 1,
      "name": "cerulean",
      "year": 2000,
      "color": "#98B2D1",
      "pantone_value": "15-4020"
    },
    {
      "id": 2,
      "name": "fuchsia rose",
      "year": 2001,
      "color": "#C74375",
      "pantone_value": "17-2031"
    },
    {
      "id": 3,
      "name": "true red",
      "year": 2002,
      "color": "#BF1932",
      "pantone_value": "19-1664"
    },
    {
      "id": 4,
      "name": "aqua sky",
      "year": 2003,
      "color": "#7BC4C4",
      "pantone_value": "14-4811"
    },
    {
      "id": 5,
      "name": "tigerlily",
      "year": 2004,
      "color": "#E2583E",
      "pantone_value": "17-1456"
    },
    {
      "id": 6,
      "name": "blue turquoise",
      "year": 2005,
      "color": "#53B0AE",
      "pantone_value": "15-5217"
    }
  ],
  "support": {
    "url": "https://reqres.in/#support-heading",
    "text": "To keep ReqRes free, contributions towards server costs are appreciated!"
  }
}
 
11:31:45.685 [pool-1-thread-2] INFO  com.intuit.karate - [print] 200 
11:31:45.686 [pool-1-thread-2] INFO  com.intuit.karate - [print] 367 
11:31:45.683 [pool-1-thread-1] INFO  com.intuit.karate - [print] {
  "data": {
    "id": 2,
    "email": "janet.weaver@reqres.in",
    "first_name": "Janet",
    "last_name": "Weaver",
    "avatar": "https://reqres.in/img/faces/2-image.jpg"
  },
  "support": {
    "url": "https://reqres.in/#support-heading",
    "text": "To keep ReqRes free, contributions towards server costs are appreciated!"
  }
}
 
11:31:45.687 [pool-1-thread-2] INFO  com.intuit.karate - [print] {
  "Date": [
    "Fri, 08 Mar 2024 06:01:46 GMT"
  ],
  "Content-Type": [
    "application/json; charset=utf-8"
  ],
  "Transfer-Encoding": [
    "chunked"
  ],
  "Connection": [
    "keep-alive"
  ],
  "Report-To": [
    "{\"group\":\"heroku-nel\",\"max_age\":3600,\"endpoints\":[{\"url\":\"https://nel.heroku.com/reports?ts=1709877519&sid=c4c9725f-1ab0-44d8-820f-430df2718e11&s=X3ztwjlS2gWTSjpqJeeUujuov5HeFyRCq4a%2FusSNwAk%3D\"}]}"
  ],
  "Reporting-Endpoints": [
    "heroku-nel=https://nel.heroku.com/reports?ts=1709877519&sid=c4c9725f-1ab0-44d8-820f-430df2718e11&s=X3ztwjlS2gWTSjpqJeeUujuov5HeFyRCq4a%2FusSNwAk%3D"
  ],
  "Nel": [
    "{\"report_to\":\"heroku-nel\",\"max_age\":3600,\"success_fraction\":0.005,\"failure_fraction\":0.05,\"response_headers\":[\"Via\"]}"
  ],
  "X-Powered-By": [
    "Express"
  ],
  "Access-Control-Allow-Origin": [
    "*"
  ],
  "Etag": [
    "W/\"2c1-N6Rqerxquq2kgQhL51EiSg4x0R8\""
  ],
  "Via": [
    "1.1 vegur"
  ],
  "Cache-Control": [
    "max-age=14400"
  ],
  "CF-Cache-Status": [
    "HIT"
  ],
  "Age": [
    "187"
  ],
  "Vary": [
    "Accept-Encoding"
  ],
  "Server": [
    "cloudflare"
  ],
  "CF-RAY": [
    "86109ccf4b197957-AMD"
  ]
}
 
11:31:45.688 [pool-1-thread-1] INFO  com.intuit.karate - [print] 200 
11:31:45.689 [pool-1-thread-1] INFO  com.intuit.karate - [print] 366 
11:31:45.689 [pool-1-thread-2] INFO  com.intuit.karate - [print] null 
11:31:45.691 [pool-1-thread-1] INFO  com.intuit.karate - [print] {
  "Date": [
    "Fri, 08 Mar 2024 06:01:46 GMT"
  ],
  "Content-Type": [
    "application/json; charset=utf-8"
  ],
  "Transfer-Encoding": [
    "chunked"
  ],
  "Connection": [
    "keep-alive"
  ],
  "Report-To": [
    "{\"group\":\"heroku-nel\",\"max_age\":3600,\"endpoints\":[{\"url\":\"https://nel.heroku.com/reports?ts=1709736140&sid=c4c9725f-1ab0-44d8-820f-430df2718e11&s=Q01AfIJYttLK3P3Bpqe%2FQ%2FkFSAouMGoDFoL0GbEUkTw%3D\"}]}"
  ],
  "Reporting-Endpoints": [
    "heroku-nel=https://nel.heroku.com/reports?ts=1709736140&sid=c4c9725f-1ab0-44d8-820f-430df2718e11&s=Q01AfIJYttLK3P3Bpqe%2FQ%2FkFSAouMGoDFoL0GbEUkTw%3D"
  ],
  "Nel": [
    "{\"report_to\":\"heroku-nel\",\"max_age\":3600,\"success_fraction\":0.005,\"failure_fraction\":0.05,\"response_headers\":[\"Via\"]}"
  ],
  "X-Powered-By": [
    "Express"
  ],
  "Access-Control-Allow-Origin": [
    "*"
  ],
  "Etag": [
    "W/\"118-pbdwwFo9SKNhD3Lx5iHJyngpq00\""
  ],
  "Via": [
    "1.1 vegur"
  ],
  "Cache-Control": [
    "max-age=14400"
  ],
  "CF-Cache-Status": [
    "HIT"
  ],
  "Age": [
    "4963"
  ],
  "Vary": [
    "Accept-Encoding"
  ],
  "Server": [
    "cloudflare"
  ],
  "CF-RAY": [
    "86109ccf3e77795c-AMD"
  ]
}
 
11:31:45.692 [pool-1-thread-1] INFO  com.intuit.karate - [print] null 
11:31:46.291 [pool-2-thread-1] INFO  com.intuit.karate.Suite - <<pass>> feature 1 of 3 (2 remaining) classpath:examples/users/Get.feature
11:31:46.327 [pool-2-thread-1] INFO  com.intuit.karate.Suite - <<fail>> feature 2 of 3 (1 remaining) classpath:examples/users/Post.feature
11:31:46.354 [pool-2-thread-1] INFO  com.intuit.karate.Suite - <<pass>> feature 3 of 3 (0 remaining) classpath:examples/users/users.feature
11:32:11.984 [main] DEBUG com.intuit.karate.Suite - [config] classpath:karate-config.js
11:32:11.988 [main] WARN  com.intuit.karate.Suite - failed to backup existing dir: target\karate-reports
11:32:11.988 [main] DEBUG com.intuit.karate.Suite - waiting for 3 features to complete
11:32:12.935 [pool-1-thread-2] INFO  com.intuit.karate - karate.env system property was: null 
11:32:12.934 [pool-1-thread-4] INFO  com.intuit.karate - karate.env system property was: null 
11:32:12.934 [pool-1-thread-1] INFO  com.intuit.karate - karate.env system property was: null 
11:32:12.934 [pool-1-thread-3] INFO  com.intuit.karate - karate.env system property was: null 
11:32:13.293 [pool-1-thread-2] DEBUG com.intuit.karate - request:
1 > GET https://reqres.in/api/users%3Fpage=2
1 > Accept: application/json
1 > Host: reqres.in
1 > Connection: Keep-Alive
1 > User-Agent: Apache-HttpClient/4.5.13 (Java/17.0.6)
1 > Accept-Encoding: gzip,deflate


11:32:13.293 [pool-1-thread-4] DEBUG com.intuit.karate - request:
1 > GET https://reqres.in/api/users?page=2
1 > Host: reqres.in
1 > Connection: Keep-Alive
1 > User-Agent: Apache-HttpClient/4.5.13 (Java/17.0.6)
1 > Accept-Encoding: gzip,deflate


11:32:13.295 [pool-1-thread-1] DEBUG com.intuit.karate - request:
1 > GET https://reqres.in/api/users/2
1 > Accept: application/json
1 > Host: reqres.in
1 > Connection: Keep-Alive
1 > User-Agent: Apache-HttpClient/4.5.13 (Java/17.0.6)
1 > Accept-Encoding: gzip,deflate


11:32:13.295 [pool-1-thread-3] DEBUG com.intuit.karate - request:
1 > POST https://reqres.in/api/users
1 > Content-Type: application/json; charset=UTF-8
1 > Content-Length: 33
1 > Host: reqres.in
1 > Connection: Keep-Alive
1 > User-Agent: Apache-HttpClient/4.5.13 (Java/17.0.6)
1 > Accept-Encoding: gzip,deflate
{"name":"Raghav","job":"teacher"}

11:32:13.707 [pool-1-thread-2] DEBUG com.intuit.karate - response time in milliseconds: 414
1 < 200
1 < Date: Fri, 08 Mar 2024 06:02:14 GMT
1 < Content-Type: application/json; charset=utf-8
1 < Transfer-Encoding: chunked
1 < Connection: keep-alive
1 < Report-To: {"group":"heroku-nel","max_age":3600,"endpoints":[{"url":"https://nel.heroku.com/reports?ts=1709877519&sid=c4c9725f-1ab0-44d8-820f-430df2718e11&s=X3ztwjlS2gWTSjpqJeeUujuov5HeFyRCq4a%2FusSNwAk%3D"}]}
1 < Reporting-Endpoints: heroku-nel=https://nel.heroku.com/reports?ts=1709877519&sid=c4c9725f-1ab0-44d8-820f-430df2718e11&s=X3ztwjlS2gWTSjpqJeeUujuov5HeFyRCq4a%2FusSNwAk%3D
1 < Nel: {"report_to":"heroku-nel","max_age":3600,"success_fraction":0.005,"failure_fraction":0.05,"response_headers":["Via"]}
1 < X-Powered-By: Express
1 < Access-Control-Allow-Origin: *
1 < Etag: W/"2c1-N6Rqerxquq2kgQhL51EiSg4x0R8"
1 < Via: 1.1 vegur
1 < Cache-Control: max-age=14400
1 < CF-Cache-Status: HIT
1 < Age: 215
1 < Vary: Accept-Encoding
1 < Server: cloudflare
1 < CF-RAY: 86109d7e8e14794d-AMD
{"page":1,"per_page":6,"total":12,"total_pages":2,"data":[{"id":1,"name":"cerulean","year":2000,"color":"#98B2D1","pantone_value":"15-4020"},{"id":2,"name":"fuchsia rose","year":2001,"color":"#C74375","pantone_value":"17-2031"},{"id":3,"name":"true red","year":2002,"color":"#BF1932","pantone_value":"19-1664"},{"id":4,"name":"aqua sky","year":2003,"color":"#7BC4C4","pantone_value":"14-4811"},{"id":5,"name":"tigerlily","year":2004,"color":"#E2583E","pantone_value":"17-1456"},{"id":6,"name":"blue turquoise","year":2005,"color":"#53B0AE","pantone_value":"15-5217"}],"support":{"url":"https://reqres.in/#support-heading","text":"To keep ReqRes free, contributions towards server costs are appreciated!"}}

11:32:13.725 [pool-1-thread-4] DEBUG com.intuit.karate - response time in milliseconds: 432
1 < 200
1 < Date: Fri, 08 Mar 2024 06:02:14 GMT
1 < Content-Type: application/json; charset=utf-8
1 < Transfer-Encoding: chunked
1 < Connection: keep-alive
1 < Report-To: {"group":"heroku-nel","max_age":3600,"endpoints":[{"url":"https://nel.heroku.com/reports?ts=1709695435&sid=c4c9725f-1ab0-44d8-820f-430df2718e11&s=ru7YzmZ%2BYILLdZUZWpFCTQOGkZIzA66c4BpWjdBOHhI%3D"}]}
1 < Reporting-Endpoints: heroku-nel=https://nel.heroku.com/reports?ts=1709695435&sid=c4c9725f-1ab0-44d8-820f-430df2718e11&s=ru7YzmZ%2BYILLdZUZWpFCTQOGkZIzA66c4BpWjdBOHhI%3D
1 < Nel: {"report_to":"heroku-nel","max_age":3600,"success_fraction":0.005,"failure_fraction":0.05,"response_headers":["Via"]}
1 < X-Powered-By: Express
1 < Access-Control-Allow-Origin: *
1 < Etag: W/"406-ut0vzoCuidvyMf8arZpMpJ6ZRDw"
1 < Via: 1.1 vegur
1 < Cache-Control: max-age=14400
1 < CF-Cache-Status: HIT
1 < Age: 6276
1 < Vary: Accept-Encoding
1 < Server: cloudflare
1 < CF-RAY: 86109d7e8a607960-AMD
{"page":2,"per_page":6,"total":12,"total_pages":2,"data":[{"id":7,"email":"michael.lawson@reqres.in","first_name":"Michael","last_name":"Lawson","avatar":"https://reqres.in/img/faces/7-image.jpg"},{"id":8,"email":"lindsay.ferguson@reqres.in","first_name":"Lindsay","last_name":"Ferguson","avatar":"https://reqres.in/img/faces/8-image.jpg"},{"id":9,"email":"tobias.funke@reqres.in","first_name":"Tobias","last_name":"Funke","avatar":"https://reqres.in/img/faces/9-image.jpg"},{"id":10,"email":"byron.fields@reqres.in","first_name":"Byron","last_name":"Fields","avatar":"https://reqres.in/img/faces/10-image.jpg"},{"id":11,"email":"george.edwards@reqres.in","first_name":"George","last_name":"Edwards","avatar":"https://reqres.in/img/faces/11-image.jpg"},{"id":12,"email":"rachel.howell@reqres.in","first_name":"Rachel","last_name":"Howell","avatar":"https://reqres.in/img/faces/12-image.jpg"}],"support":{"url":"https://reqres.in/#support-heading","text":"To keep ReqRes free, contributions towards server costs are appreciated!"}}

11:32:13.725 [pool-1-thread-1] DEBUG com.intuit.karate - response time in milliseconds: 430
1 < 200
1 < Date: Fri, 08 Mar 2024 06:02:14 GMT
1 < Content-Type: application/json; charset=utf-8
1 < Transfer-Encoding: chunked
1 < Connection: keep-alive
1 < Report-To: {"group":"heroku-nel","max_age":3600,"endpoints":[{"url":"https://nel.heroku.com/reports?ts=1709736140&sid=c4c9725f-1ab0-44d8-820f-430df2718e11&s=Q01AfIJYttLK3P3Bpqe%2FQ%2FkFSAouMGoDFoL0GbEUkTw%3D"}]}
1 < Reporting-Endpoints: heroku-nel=https://nel.heroku.com/reports?ts=1709736140&sid=c4c9725f-1ab0-44d8-820f-430df2718e11&s=Q01AfIJYttLK3P3Bpqe%2FQ%2FkFSAouMGoDFoL0GbEUkTw%3D
1 < Nel: {"report_to":"heroku-nel","max_age":3600,"success_fraction":0.005,"failure_fraction":0.05,"response_headers":["Via"]}
1 < X-Powered-By: Express
1 < Access-Control-Allow-Origin: *
1 < Etag: W/"118-pbdwwFo9SKNhD3Lx5iHJyngpq00"
1 < Via: 1.1 vegur
1 < Cache-Control: max-age=14400
1 < CF-Cache-Status: HIT
1 < Age: 4991
1 < Vary: Accept-Encoding
1 < Server: cloudflare
1 < CF-RAY: 86109d7eaa5ea3b1-AMD
{"data":{"id":2,"email":"janet.weaver@reqres.in","first_name":"Janet","last_name":"Weaver","avatar":"https://reqres.in/img/faces/2-image.jpg"},"support":{"url":"https://reqres.in/#support-heading","text":"To keep ReqRes free, contributions towards server costs are appreciated!"}}

11:32:13.736 [pool-1-thread-2] INFO  com.intuit.karate - [print] {
  "page": 1,
  "per_page": 6,
  "total": 12,
  "total_pages": 2,
  "data": [
    {
      "id": 1,
      "name": "cerulean",
      "year": 2000,
      "color": "#98B2D1",
      "pantone_value": "15-4020"
    },
    {
      "id": 2,
      "name": "fuchsia rose",
      "year": 2001,
      "color": "#C74375",
      "pantone_value": "17-2031"
    },
    {
      "id": 3,
      "name": "true red",
      "year": 2002,
      "color": "#BF1932",
      "pantone_value": "19-1664"
    },
    {
      "id": 4,
      "name": "aqua sky",
      "year": 2003,
      "color": "#7BC4C4",
      "pantone_value": "14-4811"
    },
    {
      "id": 5,
      "name": "tigerlily",
      "year": 2004,
      "color": "#E2583E",
      "pantone_value": "17-1456"
    },
    {
      "id": 6,
      "name": "blue turquoise",
      "year": 2005,
      "color": "#53B0AE",
      "pantone_value": "15-5217"
    }
  ],
  "support": {
    "url": "https://reqres.in/#support-heading",
    "text": "To keep ReqRes free, contributions towards server costs are appreciated!"
  }
}
 
11:32:13.736 [pool-1-thread-1] INFO  com.intuit.karate - [print] {
  "data": {
    "id": 2,
    "email": "janet.weaver@reqres.in",
    "first_name": "Janet",
    "last_name": "Weaver",
    "avatar": "https://reqres.in/img/faces/2-image.jpg"
  },
  "support": {
    "url": "https://reqres.in/#support-heading",
    "text": "To keep ReqRes free, contributions towards server costs are appreciated!"
  }
}
 
11:32:13.738 [pool-1-thread-2] INFO  com.intuit.karate - [print] 200 
11:32:13.738 [pool-1-thread-1] INFO  com.intuit.karate - [print] 200 
11:32:13.738 [pool-1-thread-2] INFO  com.intuit.karate - [print] 414 
11:32:13.738 [pool-1-thread-1] INFO  com.intuit.karate - [print] 430 
11:32:13.738 [pool-1-thread-2] INFO  com.intuit.karate - [print] {
  "Date": [
    "Fri, 08 Mar 2024 06:02:14 GMT"
  ],
  "Content-Type": [
    "application/json; charset=utf-8"
  ],
  "Transfer-Encoding": [
    "chunked"
  ],
  "Connection": [
    "keep-alive"
  ],
  "Report-To": [
    "{\"group\":\"heroku-nel\",\"max_age\":3600,\"endpoints\":[{\"url\":\"https://nel.heroku.com/reports?ts=1709877519&sid=c4c9725f-1ab0-44d8-820f-430df2718e11&s=X3ztwjlS2gWTSjpqJeeUujuov5HeFyRCq4a%2FusSNwAk%3D\"}]}"
  ],
  "Reporting-Endpoints": [
    "heroku-nel=https://nel.heroku.com/reports?ts=1709877519&sid=c4c9725f-1ab0-44d8-820f-430df2718e11&s=X3ztwjlS2gWTSjpqJeeUujuov5HeFyRCq4a%2FusSNwAk%3D"
  ],
  "Nel": [
    "{\"report_to\":\"heroku-nel\",\"max_age\":3600,\"success_fraction\":0.005,\"failure_fraction\":0.05,\"response_headers\":[\"Via\"]}"
  ],
  "X-Powered-By": [
    "Express"
  ],
  "Access-Control-Allow-Origin": [
    "*"
  ],
  "Etag": [
    "W/\"2c1-N6Rqerxquq2kgQhL51EiSg4x0R8\""
  ],
  "Via": [
    "1.1 vegur"
  ],
  "Cache-Control": [
    "max-age=14400"
  ],
  "CF-Cache-Status": [
    "HIT"
  ],
  "Age": [
    "215"
  ],
  "Vary": [
    "Accept-Encoding"
  ],
  "Server": [
    "cloudflare"
  ],
  "CF-RAY": [
    "86109d7e8e14794d-AMD"
  ]
}
 
11:32:13.738 [pool-1-thread-2] INFO  com.intuit.karate - [print] null 
11:32:13.738 [pool-1-thread-1] INFO  com.intuit.karate - [print] {
  "Date": [
    "Fri, 08 Mar 2024 06:02:14 GMT"
  ],
  "Content-Type": [
    "application/json; charset=utf-8"
  ],
  "Transfer-Encoding": [
    "chunked"
  ],
  "Connection": [
    "keep-alive"
  ],
  "Report-To": [
    "{\"group\":\"heroku-nel\",\"max_age\":3600,\"endpoints\":[{\"url\":\"https://nel.heroku.com/reports?ts=1709736140&sid=c4c9725f-1ab0-44d8-820f-430df2718e11&s=Q01AfIJYttLK3P3Bpqe%2FQ%2FkFSAouMGoDFoL0GbEUkTw%3D\"}]}"
  ],
  "Reporting-Endpoints": [
    "heroku-nel=https://nel.heroku.com/reports?ts=1709736140&sid=c4c9725f-1ab0-44d8-820f-430df2718e11&s=Q01AfIJYttLK3P3Bpqe%2FQ%2FkFSAouMGoDFoL0GbEUkTw%3D"
  ],
  "Nel": [
    "{\"report_to\":\"heroku-nel\",\"max_age\":3600,\"success_fraction\":0.005,\"failure_fraction\":0.05,\"response_headers\":[\"Via\"]}"
  ],
  "X-Powered-By": [
    "Express"
  ],
  "Access-Control-Allow-Origin": [
    "*"
  ],
  "Etag": [
    "W/\"118-pbdwwFo9SKNhD3Lx5iHJyngpq00\""
  ],
  "Via": [
    "1.1 vegur"
  ],
  "Cache-Control": [
    "max-age=14400"
  ],
  "CF-Cache-Status": [
    "HIT"
  ],
  "Age": [
    "4991"
  ],
  "Vary": [
    "Accept-Encoding"
  ],
  "Server": [
    "cloudflare"
  ],
  "CF-RAY": [
    "86109d7eaa5ea3b1-AMD"
  ]
}
 
11:32:13.743 [pool-1-thread-1] INFO  com.intuit.karate - [print] null 
11:32:13.975 [pool-1-thread-3] DEBUG com.intuit.karate - response time in milliseconds: 679
1 < 201
1 < Date: Fri, 08 Mar 2024 06:02:14 GMT
1 < Content-Type: application/json; charset=utf-8
1 < Content-Length: 83
1 < Connection: keep-alive
1 < Report-To: {"group":"heroku-nel","max_age":3600,"endpoints":[{"url":"https://nel.heroku.com/reports?ts=1709877734&sid=c4c9725f-1ab0-44d8-820f-430df2718e11&s=6ocFMcVLss91qZolWlY9Om5CDFKHZ2z8rSRcLmAuhQA%3D"}]}
1 < Reporting-Endpoints: heroku-nel=https://nel.heroku.com/reports?ts=1709877734&sid=c4c9725f-1ab0-44d8-820f-430df2718e11&s=6ocFMcVLss91qZolWlY9Om5CDFKHZ2z8rSRcLmAuhQA%3D
1 < Nel: {"report_to":"heroku-nel","max_age":3600,"success_fraction":0.005,"failure_fraction":0.05,"response_headers":["Via"]}
1 < X-Powered-By: Express
1 < Access-Control-Allow-Origin: *
1 < Etag: W/"53-cCrgydwaEDenBhMVPV5FJ+UMgvA"
1 < Via: 1.1 vegur
1 < CF-Cache-Status: DYNAMIC
1 < Server: cloudflare
1 < CF-RAY: 86109d7e89e7a3b7-AMD
{"name":"Raghav","job":"teacher","id":"674","createdAt":"2024-03-08T06:02:14.379Z"}

11:32:13.975 [pool-1-thread-3] INFO  com.intuit.karate - [print] {
  "name": "Raghav",
  "job": "teacher",
  "id": "674",
  "createdAt": "2024-03-08T06:02:14.379Z"
}
 
11:32:14.399 [pool-2-thread-1] INFO  com.intuit.karate.Suite - <<pass>> feature 1 of 3 (2 remaining) classpath:examples/users/Get.feature
11:32:14.442 [pool-2-thread-1] INFO  com.intuit.karate.Suite - <<pass>> feature 2 of 3 (1 remaining) classpath:examples/users/Post.feature
11:32:14.468 [pool-2-thread-1] INFO  com.intuit.karate.Suite - <<pass>> feature 3 of 3 (0 remaining) classpath:examples/users/users.feature
11:33:01.927 [main] DEBUG com.intuit.karate.Suite - [config] classpath:karate-config.js
11:33:01.942 [main] WARN  com.intuit.karate.Suite - failed to backup existing dir: target\karate-reports
11:33:01.942 [main] DEBUG com.intuit.karate.Suite - waiting for 3 features to complete
11:33:02.851 [pool-1-thread-2] INFO  com.intuit.karate - karate.env system property was: null 
11:33:02.851 [pool-1-thread-1] INFO  com.intuit.karate - karate.env system property was: null 
11:33:02.851 [pool-1-thread-3] INFO  com.intuit.karate - karate.env system property was: null 
11:33:02.851 [pool-1-thread-4] INFO  com.intuit.karate - karate.env system property was: null 
11:33:03.170 [pool-1-thread-2] DEBUG com.intuit.karate - request:
1 > GET https://reqres.in/api/users%3Fpage=2
1 > Accept: application/json
1 > Host: reqres.in
1 > Connection: Keep-Alive
1 > User-Agent: Apache-HttpClient/4.5.13 (Java/17.0.6)
1 > Accept-Encoding: gzip,deflate


11:33:03.170 [pool-1-thread-1] DEBUG com.intuit.karate - request:
1 > GET https://reqres.in/api/users/2
1 > Accept: application/json
1 > Host: reqres.in
1 > Connection: Keep-Alive
1 > User-Agent: Apache-HttpClient/4.5.13 (Java/17.0.6)
1 > Accept-Encoding: gzip,deflate


11:33:03.170 [pool-1-thread-4] DEBUG com.intuit.karate - request:
1 > GET https://reqres.in/api/users?page=2
1 > Host: reqres.in
1 > Connection: Keep-Alive
1 > User-Agent: Apache-HttpClient/4.5.13 (Java/17.0.6)
1 > Accept-Encoding: gzip,deflate


11:33:03.171 [pool-1-thread-3] DEBUG com.intuit.karate - request:
1 > POST https://reqres.in/api/users
1 > Content-Type: application/json; charset=UTF-8
1 > Content-Length: 33
1 > Host: reqres.in
1 > Connection: Keep-Alive
1 > User-Agent: Apache-HttpClient/4.5.13 (Java/17.0.6)
1 > Accept-Encoding: gzip,deflate
{"name":"Raghav","job":"teacher"}

11:33:03.571 [pool-1-thread-1] DEBUG com.intuit.karate - response time in milliseconds: 400
1 < 200
1 < Date: Fri, 08 Mar 2024 06:03:04 GMT
1 < Content-Type: application/json; charset=utf-8
1 < Transfer-Encoding: chunked
1 < Connection: keep-alive
1 < Report-To: {"group":"heroku-nel","max_age":3600,"endpoints":[{"url":"https://nel.heroku.com/reports?ts=1709736140&sid=c4c9725f-1ab0-44d8-820f-430df2718e11&s=Q01AfIJYttLK3P3Bpqe%2FQ%2FkFSAouMGoDFoL0GbEUkTw%3D"}]}
1 < Reporting-Endpoints: heroku-nel=https://nel.heroku.com/reports?ts=1709736140&sid=c4c9725f-1ab0-44d8-820f-430df2718e11&s=Q01AfIJYttLK3P3Bpqe%2FQ%2FkFSAouMGoDFoL0GbEUkTw%3D
1 < Nel: {"report_to":"heroku-nel","max_age":3600,"success_fraction":0.005,"failure_fraction":0.05,"response_headers":["Via"]}
1 < X-Powered-By: Express
1 < Access-Control-Allow-Origin: *
1 < Etag: W/"118-pbdwwFo9SKNhD3Lx5iHJyngpq00"
1 < Via: 1.1 vegur
1 < Cache-Control: max-age=14400
1 < CF-Cache-Status: HIT
1 < Age: 5041
1 < Vary: Accept-Encoding
1 < Server: cloudflare
1 < CF-RAY: 86109eb61c6d7950-AMD
{"data":{"id":2,"email":"janet.weaver@reqres.in","first_name":"Janet","last_name":"Weaver","avatar":"https://reqres.in/img/faces/2-image.jpg"},"support":{"url":"https://reqres.in/#support-heading","text":"To keep ReqRes free, contributions towards server costs are appreciated!"}}

11:33:03.571 [pool-1-thread-2] DEBUG com.intuit.karate - response time in milliseconds: 400
1 < 200
1 < Date: Fri, 08 Mar 2024 06:03:04 GMT
1 < Content-Type: application/json; charset=utf-8
1 < Transfer-Encoding: chunked
1 < Connection: keep-alive
1 < Report-To: {"group":"heroku-nel","max_age":3600,"endpoints":[{"url":"https://nel.heroku.com/reports?ts=1709877519&sid=c4c9725f-1ab0-44d8-820f-430df2718e11&s=X3ztwjlS2gWTSjpqJeeUujuov5HeFyRCq4a%2FusSNwAk%3D"}]}
1 < Reporting-Endpoints: heroku-nel=https://nel.heroku.com/reports?ts=1709877519&sid=c4c9725f-1ab0-44d8-820f-430df2718e11&s=X3ztwjlS2gWTSjpqJeeUujuov5HeFyRCq4a%2FusSNwAk%3D
1 < Nel: {"report_to":"heroku-nel","max_age":3600,"success_fraction":0.005,"failure_fraction":0.05,"response_headers":["Via"]}
1 < X-Powered-By: Express
1 < Access-Control-Allow-Origin: *
1 < Etag: W/"2c1-N6Rqerxquq2kgQhL51EiSg4x0R8"
1 < Via: 1.1 vegur
1 < Cache-Control: max-age=14400
1 < CF-Cache-Status: HIT
1 < Age: 265
1 < Vary: Accept-Encoding
1 < Server: cloudflare
1 < CF-RAY: 86109eb62c7f7950-AMD
{"page":1,"per_page":6,"total":12,"total_pages":2,"data":[{"id":1,"name":"cerulean","year":2000,"color":"#98B2D1","pantone_value":"15-4020"},{"id":2,"name":"fuchsia rose","year":2001,"color":"#C74375","pantone_value":"17-2031"},{"id":3,"name":"true red","year":2002,"color":"#BF1932","pantone_value":"19-1664"},{"id":4,"name":"aqua sky","year":2003,"color":"#7BC4C4","pantone_value":"14-4811"},{"id":5,"name":"tigerlily","year":2004,"color":"#E2583E","pantone_value":"17-1456"},{"id":6,"name":"blue turquoise","year":2005,"color":"#53B0AE","pantone_value":"15-5217"}],"support":{"url":"https://reqres.in/#support-heading","text":"To keep ReqRes free, contributions towards server costs are appreciated!"}}

11:33:03.571 [pool-1-thread-4] DEBUG com.intuit.karate - response time in milliseconds: 400
1 < 200
1 < Date: Fri, 08 Mar 2024 06:03:04 GMT
1 < Content-Type: application/json; charset=utf-8
1 < Transfer-Encoding: chunked
1 < Connection: keep-alive
1 < Report-To: {"group":"heroku-nel","max_age":3600,"endpoints":[{"url":"https://nel.heroku.com/reports?ts=1709695435&sid=c4c9725f-1ab0-44d8-820f-430df2718e11&s=ru7YzmZ%2BYILLdZUZWpFCTQOGkZIzA66c4BpWjdBOHhI%3D"}]}
1 < Reporting-Endpoints: heroku-nel=https://nel.heroku.com/reports?ts=1709695435&sid=c4c9725f-1ab0-44d8-820f-430df2718e11&s=ru7YzmZ%2BYILLdZUZWpFCTQOGkZIzA66c4BpWjdBOHhI%3D
1 < Nel: {"report_to":"heroku-nel","max_age":3600,"success_fraction":0.005,"failure_fraction":0.05,"response_headers":["Via"]}
1 < X-Powered-By: Express
1 < Access-Control-Allow-Origin: *
1 < Etag: W/"406-ut0vzoCuidvyMf8arZpMpJ6ZRDw"
1 < Via: 1.1 vegur
1 < Cache-Control: max-age=14400
1 < CF-Cache-Status: HIT
1 < Age: 6326
1 < Vary: Accept-Encoding
1 < Server: cloudflare
1 < CF-RAY: 86109eb61b267957-AMD
{"page":2,"per_page":6,"total":12,"total_pages":2,"data":[{"id":7,"email":"michael.lawson@reqres.in","first_name":"Michael","last_name":"Lawson","avatar":"https://reqres.in/img/faces/7-image.jpg"},{"id":8,"email":"lindsay.ferguson@reqres.in","first_name":"Lindsay","last_name":"Ferguson","avatar":"https://reqres.in/img/faces/8-image.jpg"},{"id":9,"email":"tobias.funke@reqres.in","first_name":"Tobias","last_name":"Funke","avatar":"https://reqres.in/img/faces/9-image.jpg"},{"id":10,"email":"byron.fields@reqres.in","first_name":"Byron","last_name":"Fields","avatar":"https://reqres.in/img/faces/10-image.jpg"},{"id":11,"email":"george.edwards@reqres.in","first_name":"George","last_name":"Edwards","avatar":"https://reqres.in/img/faces/11-image.jpg"},{"id":12,"email":"rachel.howell@reqres.in","first_name":"Rachel","last_name":"Howell","avatar":"https://reqres.in/img/faces/12-image.jpg"}],"support":{"url":"https://reqres.in/#support-heading","text":"To keep ReqRes free, contributions towards server costs are appreciated!"}}

11:33:03.585 [pool-1-thread-2] INFO  com.intuit.karate - [print] {
  "page": 1,
  "per_page": 6,
  "total": 12,
  "total_pages": 2,
  "data": [
    {
      "id": 1,
      "name": "cerulean",
      "year": 2000,
      "color": "#98B2D1",
      "pantone_value": "15-4020"
    },
    {
      "id": 2,
      "name": "fuchsia rose",
      "year": 2001,
      "color": "#C74375",
      "pantone_value": "17-2031"
    },
    {
      "id": 3,
      "name": "true red",
      "year": 2002,
      "color": "#BF1932",
      "pantone_value": "19-1664"
    },
    {
      "id": 4,
      "name": "aqua sky",
      "year": 2003,
      "color": "#7BC4C4",
      "pantone_value": "14-4811"
    },
    {
      "id": 5,
      "name": "tigerlily",
      "year": 2004,
      "color": "#E2583E",
      "pantone_value": "17-1456"
    },
    {
      "id": 6,
      "name": "blue turquoise",
      "year": 2005,
      "color": "#53B0AE",
      "pantone_value": "15-5217"
    }
  ],
  "support": {
    "url": "https://reqres.in/#support-heading",
    "text": "To keep ReqRes free, contributions towards server costs are appreciated!"
  }
}
 
11:33:03.585 [pool-1-thread-1] INFO  com.intuit.karate - [print] {
  "data": {
    "id": 2,
    "email": "janet.weaver@reqres.in",
    "first_name": "Janet",
    "last_name": "Weaver",
    "avatar": "https://reqres.in/img/faces/2-image.jpg"
  },
  "support": {
    "url": "https://reqres.in/#support-heading",
    "text": "To keep ReqRes free, contributions towards server costs are appreciated!"
  }
}
 
11:33:03.588 [pool-1-thread-2] INFO  com.intuit.karate - [print] 200 
11:33:03.588 [pool-1-thread-1] INFO  com.intuit.karate - [print] 200 
11:33:03.589 [pool-1-thread-2] INFO  com.intuit.karate - [print] 400 
11:33:03.589 [pool-1-thread-1] INFO  com.intuit.karate - [print] 400 
11:33:03.590 [pool-1-thread-2] INFO  com.intuit.karate - [print] {
  "Date": [
    "Fri, 08 Mar 2024 06:03:04 GMT"
  ],
  "Content-Type": [
    "application/json; charset=utf-8"
  ],
  "Transfer-Encoding": [
    "chunked"
  ],
  "Connection": [
    "keep-alive"
  ],
  "Report-To": [
    "{\"group\":\"heroku-nel\",\"max_age\":3600,\"endpoints\":[{\"url\":\"https://nel.heroku.com/reports?ts=1709877519&sid=c4c9725f-1ab0-44d8-820f-430df2718e11&s=X3ztwjlS2gWTSjpqJeeUujuov5HeFyRCq4a%2FusSNwAk%3D\"}]}"
  ],
  "Reporting-Endpoints": [
    "heroku-nel=https://nel.heroku.com/reports?ts=1709877519&sid=c4c9725f-1ab0-44d8-820f-430df2718e11&s=X3ztwjlS2gWTSjpqJeeUujuov5HeFyRCq4a%2FusSNwAk%3D"
  ],
  "Nel": [
    "{\"report_to\":\"heroku-nel\",\"max_age\":3600,\"success_fraction\":0.005,\"failure_fraction\":0.05,\"response_headers\":[\"Via\"]}"
  ],
  "X-Powered-By": [
    "Express"
  ],
  "Access-Control-Allow-Origin": [
    "*"
  ],
  "Etag": [
    "W/\"2c1-N6Rqerxquq2kgQhL51EiSg4x0R8\""
  ],
  "Via": [
    "1.1 vegur"
  ],
  "Cache-Control": [
    "max-age=14400"
  ],
  "CF-Cache-Status": [
    "HIT"
  ],
  "Age": [
    "265"
  ],
  "Vary": [
    "Accept-Encoding"
  ],
  "Server": [
    "cloudflare"
  ],
  "CF-RAY": [
    "86109eb62c7f7950-AMD"
  ]
}
 
11:33:03.590 [pool-1-thread-1] INFO  com.intuit.karate - [print] {
  "Date": [
    "Fri, 08 Mar 2024 06:03:04 GMT"
  ],
  "Content-Type": [
    "application/json; charset=utf-8"
  ],
  "Transfer-Encoding": [
    "chunked"
  ],
  "Connection": [
    "keep-alive"
  ],
  "Report-To": [
    "{\"group\":\"heroku-nel\",\"max_age\":3600,\"endpoints\":[{\"url\":\"https://nel.heroku.com/reports?ts=1709736140&sid=c4c9725f-1ab0-44d8-820f-430df2718e11&s=Q01AfIJYttLK3P3Bpqe%2FQ%2FkFSAouMGoDFoL0GbEUkTw%3D\"}]}"
  ],
  "Reporting-Endpoints": [
    "heroku-nel=https://nel.heroku.com/reports?ts=1709736140&sid=c4c9725f-1ab0-44d8-820f-430df2718e11&s=Q01AfIJYttLK3P3Bpqe%2FQ%2FkFSAouMGoDFoL0GbEUkTw%3D"
  ],
  "Nel": [
    "{\"report_to\":\"heroku-nel\",\"max_age\":3600,\"success_fraction\":0.005,\"failure_fraction\":0.05,\"response_headers\":[\"Via\"]}"
  ],
  "X-Powered-By": [
    "Express"
  ],
  "Access-Control-Allow-Origin": [
    "*"
  ],
  "Etag": [
    "W/\"118-pbdwwFo9SKNhD3Lx5iHJyngpq00\""
  ],
  "Via": [
    "1.1 vegur"
  ],
  "Cache-Control": [
    "max-age=14400"
  ],
  "CF-Cache-Status": [
    "HIT"
  ],
  "Age": [
    "5041"
  ],
  "Vary": [
    "Accept-Encoding"
  ],
  "Server": [
    "cloudflare"
  ],
  "CF-RAY": [
    "86109eb61c6d7950-AMD"
  ]
}
 
11:33:03.592 [pool-1-thread-1] INFO  com.intuit.karate - [print] null 
11:33:03.592 [pool-1-thread-2] INFO  com.intuit.karate - [print] null 
11:33:03.881 [pool-1-thread-3] DEBUG com.intuit.karate - response time in milliseconds: 710
1 < 201
1 < Date: Fri, 08 Mar 2024 06:03:04 GMT
1 < Content-Type: application/json; charset=utf-8
1 < Content-Length: 83
1 < Connection: keep-alive
1 < Report-To: {"group":"heroku-nel","max_age":3600,"endpoints":[{"url":"https://nel.heroku.com/reports?ts=1709877784&sid=c4c9725f-1ab0-44d8-820f-430df2718e11&s=K1E%2FckgdhTplhmHY0U%2BdCphleq0JQF%2FKkrEhEUpoFzo%3D"}]}
1 < Reporting-Endpoints: heroku-nel=https://nel.heroku.com/reports?ts=1709877784&sid=c4c9725f-1ab0-44d8-820f-430df2718e11&s=K1E%2FckgdhTplhmHY0U%2BdCphleq0JQF%2FKkrEhEUpoFzo%3D
1 < Nel: {"report_to":"heroku-nel","max_age":3600,"success_fraction":0.005,"failure_fraction":0.05,"response_headers":["Via"]}
1 < X-Powered-By: Express
1 < Access-Control-Allow-Origin: *
1 < Etag: W/"53-veIK1PjOMXJ3tRbKUgdWA7BgsK4"
1 < Via: 1.1 vegur
1 < CF-Cache-Status: DYNAMIC
1 < Server: cloudflare
1 < CF-RAY: 86109eb6391c7935-AMD
{"name":"Raghav","job":"teacher","id":"135","createdAt":"2024-03-08T06:03:04.273Z"}

11:33:03.881 [pool-1-thread-3] INFO  com.intuit.karate - [print] {
  "name": "Raghav",
  "job": "teacher",
  "id": "135",
  "createdAt": "2024-03-08T06:03:04.273Z"
}
 
11:33:03.881 [pool-1-thread-3] INFO  com.intuit.karate - [print] 201 
11:33:03.881 [pool-1-thread-3] INFO  com.intuit.karate - [print] 710 
11:33:03.881 [pool-1-thread-3] INFO  com.intuit.karate - [print] {
  "Date": [
    "Fri, 08 Mar 2024 06:03:04 GMT"
  ],
  "Content-Type": [
    "application/json; charset=utf-8"
  ],
  "Content-Length": [
    "83"
  ],
  "Connection": [
    "keep-alive"
  ],
  "Report-To": [
    "{\"group\":\"heroku-nel\",\"max_age\":3600,\"endpoints\":[{\"url\":\"https://nel.heroku.com/reports?ts=1709877784&sid=c4c9725f-1ab0-44d8-820f-430df2718e11&s=K1E%2FckgdhTplhmHY0U%2BdCphleq0JQF%2FKkrEhEUpoFzo%3D\"}]}"
  ],
  "Reporting-Endpoints": [
    "heroku-nel=https://nel.heroku.com/reports?ts=1709877784&sid=c4c9725f-1ab0-44d8-820f-430df2718e11&s=K1E%2FckgdhTplhmHY0U%2BdCphleq0JQF%2FKkrEhEUpoFzo%3D"
  ],
  "Nel": [
    "{\"report_to\":\"heroku-nel\",\"max_age\":3600,\"success_fraction\":0.005,\"failure_fraction\":0.05,\"response_headers\":[\"Via\"]}"
  ],
  "X-Powered-By": [
    "Express"
  ],
  "Access-Control-Allow-Origin": [
    "*"
  ],
  "Etag": [
    "W/\"53-veIK1PjOMXJ3tRbKUgdWA7BgsK4\""
  ],
  "Via": [
    "1.1 vegur"
  ],
  "CF-Cache-Status": [
    "DYNAMIC"
  ],
  "Server": [
    "cloudflare"
  ],
  "CF-RAY": [
    "86109eb6391c7935-AMD"
  ]
}
 
11:33:03.890 [pool-1-thread-3] INFO  com.intuit.karate - [print] null 
11:33:04.442 [pool-2-thread-1] INFO  com.intuit.karate.Suite - <<pass>> feature 1 of 3 (2 remaining) classpath:examples/users/Get.feature
11:33:04.514 [pool-2-thread-1] INFO  com.intuit.karate.Suite - <<pass>> feature 2 of 3 (1 remaining) classpath:examples/users/Post.feature
11:33:04.543 [pool-2-thread-1] INFO  com.intuit.karate.Suite - <<pass>> feature 3 of 3 (0 remaining) classpath:examples/users/users.feature
11:39:41.487 [main] DEBUG com.intuit.karate.Suite - [config] classpath:karate-config.js
11:39:41.502 [main] INFO  com.intuit.karate.Suite - backed up existing 'target\karate-reports' dir to: target\karate-reports_1709878181502
11:39:41.502 [main] DEBUG com.intuit.karate.Suite - waiting for 3 features to complete
11:39:42.508 [pool-1-thread-4] INFO  com.intuit.karate - karate.env system property was: null 
11:39:42.508 [pool-1-thread-1] INFO  com.intuit.karate - karate.env system property was: null 
11:39:42.508 [pool-1-thread-2] INFO  com.intuit.karate - karate.env system property was: null 
11:39:42.508 [pool-1-thread-3] INFO  com.intuit.karate - karate.env system property was: null 
11:39:42.842 [pool-1-thread-4] DEBUG com.intuit.karate - request:
1 > GET https://reqres.in/api/users?page=2
1 > Host: reqres.in
1 > Connection: Keep-Alive
1 > User-Agent: Apache-HttpClient/4.5.13 (Java/17.0.6)
1 > Accept-Encoding: gzip,deflate


11:39:42.842 [pool-1-thread-1] DEBUG com.intuit.karate - request:
1 > GET https://reqres.in/api/users/2
1 > Accept: application/json
1 > Host: reqres.in
1 > Connection: Keep-Alive
1 > User-Agent: Apache-HttpClient/4.5.13 (Java/17.0.6)
1 > Accept-Encoding: gzip,deflate


11:39:42.842 [pool-1-thread-2] DEBUG com.intuit.karate - request:
1 > GET https://reqres.in/api/users%3Fpage=2
1 > Accept: application/json
1 > Host: reqres.in
1 > Connection: Keep-Alive
1 > User-Agent: Apache-HttpClient/4.5.13 (Java/17.0.6)
1 > Accept-Encoding: gzip,deflate


11:39:42.847 [pool-1-thread-3] DEBUG com.intuit.karate - request:
1 > POST https://reqres.in/api/users
1 > Content-Type: application/json; charset=UTF-8
1 > Content-Length: 33
1 > Host: reqres.in
1 > Connection: Keep-Alive
1 > User-Agent: Apache-HttpClient/4.5.13 (Java/17.0.6)
1 > Accept-Encoding: gzip,deflate
{"name":"Raghav","job":"teacher"}

11:39:43.265 [pool-1-thread-1] DEBUG com.intuit.karate - response time in milliseconds: 419
1 < 200
1 < Date: Fri, 08 Mar 2024 06:09:43 GMT
1 < Content-Type: application/json; charset=utf-8
1 < Transfer-Encoding: chunked
1 < Connection: keep-alive
1 < Report-To: {"group":"heroku-nel","max_age":3600,"endpoints":[{"url":"https://nel.heroku.com/reports?ts=1709736140&sid=c4c9725f-1ab0-44d8-820f-430df2718e11&s=Q01AfIJYttLK3P3Bpqe%2FQ%2FkFSAouMGoDFoL0GbEUkTw%3D"}]}
1 < Reporting-Endpoints: heroku-nel=https://nel.heroku.com/reports?ts=1709736140&sid=c4c9725f-1ab0-44d8-820f-430df2718e11&s=Q01AfIJYttLK3P3Bpqe%2FQ%2FkFSAouMGoDFoL0GbEUkTw%3D
1 < Nel: {"report_to":"heroku-nel","max_age":3600,"success_fraction":0.005,"failure_fraction":0.05,"response_headers":["Via"]}
1 < X-Powered-By: Express
1 < Access-Control-Allow-Origin: *
1 < Etag: W/"118-pbdwwFo9SKNhD3Lx5iHJyngpq00"
1 < Via: 1.1 vegur
1 < Cache-Control: max-age=14400
1 < CF-Cache-Status: HIT
1 < Age: 5440
1 < Vary: Accept-Encoding
1 < Server: cloudflare
1 < CF-RAY: 8610a8784ff2794a-AMD
{"data":{"id":2,"email":"janet.weaver@reqres.in","first_name":"Janet","last_name":"Weaver","avatar":"https://reqres.in/img/faces/2-image.jpg"},"support":{"url":"https://reqres.in/#support-heading","text":"To keep ReqRes free, contributions towards server costs are appreciated!"}}

11:39:43.265 [pool-1-thread-4] DEBUG com.intuit.karate - response time in milliseconds: 419
1 < 200
1 < Date: Fri, 08 Mar 2024 06:09:43 GMT
1 < Content-Type: application/json; charset=utf-8
1 < Transfer-Encoding: chunked
1 < Connection: keep-alive
1 < Report-To: {"group":"heroku-nel","max_age":3600,"endpoints":[{"url":"https://nel.heroku.com/reports?ts=1709695435&sid=c4c9725f-1ab0-44d8-820f-430df2718e11&s=ru7YzmZ%2BYILLdZUZWpFCTQOGkZIzA66c4BpWjdBOHhI%3D"}]}
1 < Reporting-Endpoints: heroku-nel=https://nel.heroku.com/reports?ts=1709695435&sid=c4c9725f-1ab0-44d8-820f-430df2718e11&s=ru7YzmZ%2BYILLdZUZWpFCTQOGkZIzA66c4BpWjdBOHhI%3D
1 < Nel: {"report_to":"heroku-nel","max_age":3600,"success_fraction":0.005,"failure_fraction":0.05,"response_headers":["Via"]}
1 < X-Powered-By: Express
1 < Access-Control-Allow-Origin: *
1 < Etag: W/"406-ut0vzoCuidvyMf8arZpMpJ6ZRDw"
1 < Via: 1.1 vegur
1 < Cache-Control: max-age=14400
1 < CF-Cache-Status: HIT
1 < Age: 6725
1 < Vary: Accept-Encoding
1 < Server: cloudflare
1 < CF-RAY: 8610a87848a9a3b5-AMD
{"page":2,"per_page":6,"total":12,"total_pages":2,"data":[{"id":7,"email":"michael.lawson@reqres.in","first_name":"Michael","last_name":"Lawson","avatar":"https://reqres.in/img/faces/7-image.jpg"},{"id":8,"email":"lindsay.ferguson@reqres.in","first_name":"Lindsay","last_name":"Ferguson","avatar":"https://reqres.in/img/faces/8-image.jpg"},{"id":9,"email":"tobias.funke@reqres.in","first_name":"Tobias","last_name":"Funke","avatar":"https://reqres.in/img/faces/9-image.jpg"},{"id":10,"email":"byron.fields@reqres.in","first_name":"Byron","last_name":"Fields","avatar":"https://reqres.in/img/faces/10-image.jpg"},{"id":11,"email":"george.edwards@reqres.in","first_name":"George","last_name":"Edwards","avatar":"https://reqres.in/img/faces/11-image.jpg"},{"id":12,"email":"rachel.howell@reqres.in","first_name":"Rachel","last_name":"Howell","avatar":"https://reqres.in/img/faces/12-image.jpg"}],"support":{"url":"https://reqres.in/#support-heading","text":"To keep ReqRes free, contributions towards server costs are appreciated!"}}

11:39:43.265 [pool-1-thread-2] DEBUG com.intuit.karate - response time in milliseconds: 416
1 < 200
1 < Date: Fri, 08 Mar 2024 06:09:43 GMT
1 < Content-Type: application/json; charset=utf-8
1 < Transfer-Encoding: chunked
1 < Connection: keep-alive
1 < Report-To: {"group":"heroku-nel","max_age":3600,"endpoints":[{"url":"https://nel.heroku.com/reports?ts=1709877519&sid=c4c9725f-1ab0-44d8-820f-430df2718e11&s=X3ztwjlS2gWTSjpqJeeUujuov5HeFyRCq4a%2FusSNwAk%3D"}]}
1 < Reporting-Endpoints: heroku-nel=https://nel.heroku.com/reports?ts=1709877519&sid=c4c9725f-1ab0-44d8-820f-430df2718e11&s=X3ztwjlS2gWTSjpqJeeUujuov5HeFyRCq4a%2FusSNwAk%3D
1 < Nel: {"report_to":"heroku-nel","max_age":3600,"success_fraction":0.005,"failure_fraction":0.05,"response_headers":["Via"]}
1 < X-Powered-By: Express
1 < Access-Control-Allow-Origin: *
1 < Etag: W/"2c1-N6Rqerxquq2kgQhL51EiSg4x0R8"
1 < Via: 1.1 vegur
1 < Cache-Control: max-age=14400
1 < CF-Cache-Status: HIT
1 < Age: 664
1 < Vary: Accept-Encoding
1 < Server: cloudflare
1 < CF-RAY: 8610a8784de6793d-AMD
{"page":1,"per_page":6,"total":12,"total_pages":2,"data":[{"id":1,"name":"cerulean","year":2000,"color":"#98B2D1","pantone_value":"15-4020"},{"id":2,"name":"fuchsia rose","year":2001,"color":"#C74375","pantone_value":"17-2031"},{"id":3,"name":"true red","year":2002,"color":"#BF1932","pantone_value":"19-1664"},{"id":4,"name":"aqua sky","year":2003,"color":"#7BC4C4","pantone_value":"14-4811"},{"id":5,"name":"tigerlily","year":2004,"color":"#E2583E","pantone_value":"17-1456"},{"id":6,"name":"blue turquoise","year":2005,"color":"#53B0AE","pantone_value":"15-5217"}],"support":{"url":"https://reqres.in/#support-heading","text":"To keep ReqRes free, contributions towards server costs are appreciated!"}}

11:39:43.276 [pool-1-thread-1] INFO  com.intuit.karate - [print] {
  "data": {
    "id": 2,
    "email": "janet.weaver@reqres.in",
    "first_name": "Janet",
    "last_name": "Weaver",
    "avatar": "https://reqres.in/img/faces/2-image.jpg"
  },
  "support": {
    "url": "https://reqres.in/#support-heading",
    "text": "To keep ReqRes free, contributions towards server costs are appreciated!"
  }
}
 
11:39:43.276 [pool-1-thread-2] INFO  com.intuit.karate - [print] {
  "page": 1,
  "per_page": 6,
  "total": 12,
  "total_pages": 2,
  "data": [
    {
      "id": 1,
      "name": "cerulean",
      "year": 2000,
      "color": "#98B2D1",
      "pantone_value": "15-4020"
    },
    {
      "id": 2,
      "name": "fuchsia rose",
      "year": 2001,
      "color": "#C74375",
      "pantone_value": "17-2031"
    },
    {
      "id": 3,
      "name": "true red",
      "year": 2002,
      "color": "#BF1932",
      "pantone_value": "19-1664"
    },
    {
      "id": 4,
      "name": "aqua sky",
      "year": 2003,
      "color": "#7BC4C4",
      "pantone_value": "14-4811"
    },
    {
      "id": 5,
      "name": "tigerlily",
      "year": 2004,
      "color": "#E2583E",
      "pantone_value": "17-1456"
    },
    {
      "id": 6,
      "name": "blue turquoise",
      "year": 2005,
      "color": "#53B0AE",
      "pantone_value": "15-5217"
    }
  ],
  "support": {
    "url": "https://reqres.in/#support-heading",
    "text": "To keep ReqRes free, contributions towards server costs are appreciated!"
  }
}
 
11:39:43.280 [pool-1-thread-1] INFO  com.intuit.karate - [print] 200 
11:39:43.280 [pool-1-thread-2] INFO  com.intuit.karate - [print] 200 
11:39:43.282 [pool-1-thread-1] INFO  com.intuit.karate - [print] 419 
11:39:43.282 [pool-1-thread-2] INFO  com.intuit.karate - [print] 416 
11:39:43.283 [pool-1-thread-1] INFO  com.intuit.karate - [print] {
  "Date": [
    "Fri, 08 Mar 2024 06:09:43 GMT"
  ],
  "Content-Type": [
    "application/json; charset=utf-8"
  ],
  "Transfer-Encoding": [
    "chunked"
  ],
  "Connection": [
    "keep-alive"
  ],
  "Report-To": [
    "{\"group\":\"heroku-nel\",\"max_age\":3600,\"endpoints\":[{\"url\":\"https://nel.heroku.com/reports?ts=1709736140&sid=c4c9725f-1ab0-44d8-820f-430df2718e11&s=Q01AfIJYttLK3P3Bpqe%2FQ%2FkFSAouMGoDFoL0GbEUkTw%3D\"}]}"
  ],
  "Reporting-Endpoints": [
    "heroku-nel=https://nel.heroku.com/reports?ts=1709736140&sid=c4c9725f-1ab0-44d8-820f-430df2718e11&s=Q01AfIJYttLK3P3Bpqe%2FQ%2FkFSAouMGoDFoL0GbEUkTw%3D"
  ],
  "Nel": [
    "{\"report_to\":\"heroku-nel\",\"max_age\":3600,\"success_fraction\":0.005,\"failure_fraction\":0.05,\"response_headers\":[\"Via\"]}"
  ],
  "X-Powered-By": [
    "Express"
  ],
  "Access-Control-Allow-Origin": [
    "*"
  ],
  "Etag": [
    "W/\"118-pbdwwFo9SKNhD3Lx5iHJyngpq00\""
  ],
  "Via": [
    "1.1 vegur"
  ],
  "Cache-Control": [
    "max-age=14400"
  ],
  "CF-Cache-Status": [
    "HIT"
  ],
  "Age": [
    "5440"
  ],
  "Vary": [
    "Accept-Encoding"
  ],
  "Server": [
    "cloudflare"
  ],
  "CF-RAY": [
    "8610a8784ff2794a-AMD"
  ]
}
 
11:39:43.283 [pool-1-thread-2] INFO  com.intuit.karate - [print] {
  "Date": [
    "Fri, 08 Mar 2024 06:09:43 GMT"
  ],
  "Content-Type": [
    "application/json; charset=utf-8"
  ],
  "Transfer-Encoding": [
    "chunked"
  ],
  "Connection": [
    "keep-alive"
  ],
  "Report-To": [
    "{\"group\":\"heroku-nel\",\"max_age\":3600,\"endpoints\":[{\"url\":\"https://nel.heroku.com/reports?ts=1709877519&sid=c4c9725f-1ab0-44d8-820f-430df2718e11&s=X3ztwjlS2gWTSjpqJeeUujuov5HeFyRCq4a%2FusSNwAk%3D\"}]}"
  ],
  "Reporting-Endpoints": [
    "heroku-nel=https://nel.heroku.com/reports?ts=1709877519&sid=c4c9725f-1ab0-44d8-820f-430df2718e11&s=X3ztwjlS2gWTSjpqJeeUujuov5HeFyRCq4a%2FusSNwAk%3D"
  ],
  "Nel": [
    "{\"report_to\":\"heroku-nel\",\"max_age\":3600,\"success_fraction\":0.005,\"failure_fraction\":0.05,\"response_headers\":[\"Via\"]}"
  ],
  "X-Powered-By": [
    "Express"
  ],
  "Access-Control-Allow-Origin": [
    "*"
  ],
  "Etag": [
    "W/\"2c1-N6Rqerxquq2kgQhL51EiSg4x0R8\""
  ],
  "Via": [
    "1.1 vegur"
  ],
  "Cache-Control": [
    "max-age=14400"
  ],
  "CF-Cache-Status": [
    "HIT"
  ],
  "Age": [
    "664"
  ],
  "Vary": [
    "Accept-Encoding"
  ],
  "Server": [
    "cloudflare"
  ],
  "CF-RAY": [
    "8610a8784de6793d-AMD"
  ]
}
 
11:39:43.283 [pool-1-thread-1] INFO  com.intuit.karate - [print] null 
11:39:43.283 [pool-1-thread-2] INFO  com.intuit.karate - [print] null 
11:39:43.560 [pool-1-thread-3] DEBUG com.intuit.karate - response time in milliseconds: 713
1 < 201
1 < Date: Fri, 08 Mar 2024 06:09:44 GMT
1 < Content-Type: application/json; charset=utf-8
1 < Content-Length: 82
1 < Connection: keep-alive
1 < Report-To: {"group":"heroku-nel","max_age":3600,"endpoints":[{"url":"https://nel.heroku.com/reports?ts=1709878183&sid=c4c9725f-1ab0-44d8-820f-430df2718e11&s=NROj5Ei5y4l3fTkCuvLejYOCfx2tD5fRqKT2j58%2F4WM%3D"}]}
1 < Reporting-Endpoints: heroku-nel=https://nel.heroku.com/reports?ts=1709878183&sid=c4c9725f-1ab0-44d8-820f-430df2718e11&s=NROj5Ei5y4l3fTkCuvLejYOCfx2tD5fRqKT2j58%2F4WM%3D
1 < Nel: {"report_to":"heroku-nel","max_age":3600,"success_fraction":0.005,"failure_fraction":0.05,"response_headers":["Via"]}
1 < X-Powered-By: Express
1 < Access-Control-Allow-Origin: *
1 < Etag: W/"52-cr1J6zksn7uwf36iilG6vfjlE6k"
1 < Via: 1.1 vegur
1 < CF-Cache-Status: DYNAMIC
1 < Server: cloudflare
1 < CF-RAY: 8610a8784b717938-AMD
{"name":"Raghav","job":"teacher","id":"81","createdAt":"2024-03-08T06:09:43.960Z"}

11:39:43.560 [pool-1-thread-3] INFO  com.intuit.karate - [print] {
  "name": "Raghav",
  "job": "teacher",
  "id": "81",
  "createdAt": "2024-03-08T06:09:43.960Z"
}
 
11:39:43.560 [pool-1-thread-3] INFO  com.intuit.karate - [print] 201 
11:39:43.560 [pool-1-thread-3] INFO  com.intuit.karate - [print] 713 
11:39:43.560 [pool-1-thread-3] INFO  com.intuit.karate - [print] {
  "Date": [
    "Fri, 08 Mar 2024 06:09:44 GMT"
  ],
  "Content-Type": [
    "application/json; charset=utf-8"
  ],
  "Content-Length": [
    "82"
  ],
  "Connection": [
    "keep-alive"
  ],
  "Report-To": [
    "{\"group\":\"heroku-nel\",\"max_age\":3600,\"endpoints\":[{\"url\":\"https://nel.heroku.com/reports?ts=1709878183&sid=c4c9725f-1ab0-44d8-820f-430df2718e11&s=NROj5Ei5y4l3fTkCuvLejYOCfx2tD5fRqKT2j58%2F4WM%3D\"}]}"
  ],
  "Reporting-Endpoints": [
    "heroku-nel=https://nel.heroku.com/reports?ts=1709878183&sid=c4c9725f-1ab0-44d8-820f-430df2718e11&s=NROj5Ei5y4l3fTkCuvLejYOCfx2tD5fRqKT2j58%2F4WM%3D"
  ],
  "Nel": [
    "{\"report_to\":\"heroku-nel\",\"max_age\":3600,\"success_fraction\":0.005,\"failure_fraction\":0.05,\"response_headers\":[\"Via\"]}"
  ],
  "X-Powered-By": [
    "Express"
  ],
  "Access-Control-Allow-Origin": [
    "*"
  ],
  "Etag": [
    "W/\"52-cr1J6zksn7uwf36iilG6vfjlE6k\""
  ],
  "Via": [
    "1.1 vegur"
  ],
  "CF-Cache-Status": [
    "DYNAMIC"
  ],
  "Server": [
    "cloudflare"
  ],
  "CF-RAY": [
    "8610a8784b717938-AMD"
  ]
}
 
11:39:43.560 [pool-1-thread-3] INFO  com.intuit.karate - [print] null 
11:39:43.996 [pool-2-thread-1] INFO  com.intuit.karate.Suite - <<pass>> feature 1 of 3 (2 remaining) classpath:examples/users/Get.feature
11:39:44.056 [pool-2-thread-1] INFO  com.intuit.karate.Suite - <<pass>> feature 2 of 3 (1 remaining) classpath:examples/users/Post.feature
11:39:44.081 [pool-2-thread-1] INFO  com.intuit.karate.Suite - <<pass>> feature 3 of 3 (0 remaining) classpath:examples/users/users.feature
